#
# A fatal error has been detected by the Java Runtime Environment:
#
#  SIGSEGV (0xb) at pc=0x000000012cb86000, pid=16148, tid=17155
#
# JRE version: OpenJDK Runtime Environment Temurin-17.0.10+7 (17.0.10+7) (build 17.0.10+7)
# Java VM: OpenJDK 64-Bit Server VM Temurin-17.0.10+7 (17.0.10+7, mixed mode, tiered, compressed oops, compressed class ptrs, g1 gc, bsd-amd64)
# Problematic frame:
# C  [libnative-platform-file-events.dylib+0x0]  __dso_handle+0x0
#
# No core dump will be written. Core dumps have been disabled. To enable core dumping, try "ulimit -c unlimited" before starting Java again
#
# If you would like to submit a bug report, please visit:
#   https://github.com/adoptium/adoptium-support/issues
#

---------------  S U M M A R Y ------------

Command Line: --add-opens=java.base/java.util=ALL-UNNAMED --add-opens=java.base/java.lang=ALL-UNNAMED --add-opens=java.base/java.lang.invoke=ALL-UNNAMED --add-opens=java.prefs/java.util.prefs=ALL-UNNAMED --add-opens=java.base/java.nio.charset=ALL-UNNAMED --add-opens=java.base/java.net=ALL-UNNAMED --add-opens=java.base/java.util.concurrent.atomic=ALL-UNNAMED -XX:MaxMetaspaceSize=384m -XX:+HeapDumpOnOutOfMemoryError -Xms256m -Xmx512m -Dfile.encoding=UTF-8 -Duser.country=US -Duser.language=en -Duser.variant -javaagent:/Users/dibe/.gradle/wrapper/dists/gradle-8.8-bin/dl7vupf4psengwqhwktix4v1/gradle-8.8/lib/agents/gradle-instrumentation-agent-8.8.jar org.gradle.launcher.daemon.bootstrap.GradleDaemon 8.8

Host: "MacBookPro11,1" x86_64 2400 MHz, 4 cores, 4G, Darwin 20.6.0, macOS 11.7.10 (20G1427)
Time: Sat Jul 13 17:51:21 2024 +01 elapsed time: 12.599229 seconds (0d 0h 0m 12s)

---------------  T H R E A D  ---------------

Current thread is native thread

Stack: [0x0000700006cfa000,0x0000700006d7a000],  sp=0x0000700006d77228,  free space=500k
Native frames: (J=compiled Java code, j=interpreted, Vv=VM code, C=native code)
C  [libnative-platform-file-events.dylib+0x0]  __dso_handle+0x0
C  [libnative-platform-file-events.dylib+0x15c27]  _ZNSt3__116__variant_detail6__ctorINS0_8__traitsIJ9FileEvent10ErrorEvent10PoisonPillEEEE19__generic_constructB7v160006IRKNS0_18__copy_constructorIS6_LNS0_6_TraitE1EEEEEvRS7_OT_+0x47
C  [libnative-platform-file-events.dylib+0x15b8a]  _ZNSt3__116__variant_detail18__copy_constructorINS0_8__traitsIJ9FileEvent10ErrorEvent10PoisonPillEEELNS0_6_TraitE1EEC2ERKS8_+0x2a
C  [libnative-platform-file-events.dylib+0x15b4d]  _ZNSt3__116__variant_detail12__assignmentINS0_8__traitsIJ9FileEvent10ErrorEvent10PoisonPillEEEEC2ERKS7_+0x1d
C  [libnative-platform-file-events.dylib+0x15b1d]  _ZNSt3__116__variant_detail17__move_assignmentINS0_8__traitsIJ9FileEvent10ErrorEvent10PoisonPillEEELNS0_6_TraitE1EEC2ERKS8_+0x1d
C  [libnative-platform-file-events.dylib+0x15aed]  _ZNSt3__116__variant_detail17__copy_assignmentINS0_8__traitsIJ9FileEvent10ErrorEvent10PoisonPillEEELNS0_6_TraitE1EEC2ERKS8_+0x1d
C  [libnative-platform-file-events.dylib+0x15abd]  _ZNSt3__116__variant_detail6__implIJ9FileEvent10ErrorEvent10PoisonPillEEC2ERKS5_+0x1d
C  [libnative-platform-file-events.dylib+0x15a8d]  _ZNSt3__116__variant_detail6__implIJ9FileEvent10ErrorEvent10PoisonPillEEC1ERKS5_+0x1d
C  [libnative-platform-file-events.dylib+0x15a5d]  _ZNSt3__17variantIJ9FileEvent10ErrorEvent10PoisonPillEEC2ERKS4_+0x1d
C  [libnative-platform-file-events.dylib+0x15a2d]  _ZNSt3__17variantIJ9FileEvent10ErrorEvent10PoisonPillEEC1ERKS4_+0x1d
C  [libnative-platform-file-events.dylib+0x15a01]  _ZNSt3__19allocatorINS_7variantIJ9FileEvent10ErrorEvent10PoisonPillEEEE9constructB7v160006IS5_JRKS5_EEEvPT_DpOT0_+0x21
C  [libnative-platform-file-events.dylib+0x13805]  _ZNSt3__116allocator_traitsINS_9allocatorINS_7variantIJ9FileEvent10ErrorEvent10PoisonPillEEEEEE9constructB7v160006IS6_JRKS6_EvEEvRS7_PT_DpOT0_+0x25
C  [libnative-platform-file-events.dylib+0x133ef]  _ZNSt3__15dequeINS_7variantIJ9FileEvent10ErrorEvent10PoisonPillEEENS_9allocatorIS5_EEE9push_backERKS5_+0x6f
C  [libnative-platform-file-events.dylib+0x1336d]  _ZNSt3__15queueINS_7variantIJ9FileEvent10ErrorEvent10PoisonPillEEENS_5dequeIS5_NS_9allocatorIS5_EEEEE4pushB7v160006ERKS5_+0x1d
C  [libnative-platform-file-events.dylib+0xd9d2]  _ZN13BlockingQueueINSt3__17variantIJ9FileEvent10ErrorEvent10PoisonPillEEEE7enqueueERKS5_+0x32
C  [libnative-platform-file-events.dylib+0xd809]  _ZN6Server12handleEventsEmPPcPKjPKy+0xb9
C  [libnative-platform-file-events.dylib+0xd441]  _ZL20handleEventsCallbackPK15__FSEventStreamPvmS2_PKjPKy+0x41
C  [FSEvents+0x2eff]  implementation_callback_rpc+0xe11
C  [FSEvents+0x206e]  _Xcallback_rpc+0xe9
C  [FSEvents+0x1f67]  FSEventsD2F_server+0x37
C  [FSEvents+0x5a73]  receive_and_dispatch_rcv_msg+0x141
C  [libdispatch.dylib+0x3806]  _dispatch_client_callout+0x8
C  [libdispatch.dylib+0x61b0]  _dispatch_continuation_pop+0x1a7
C  [libdispatch.dylib+0x16564]  _dispatch_source_invoke+0x80d
C  [libdispatch.dylib+0x9493]  _dispatch_lane_serial_drain+0x107
C  [libdispatch.dylib+0xa0ad]  _dispatch_lane_invoke+0x16e
C  [libdispatch.dylib+0x13c0d]  _dispatch_workloop_worker_thread+0x32b
C  [libsystem_pthread.dylib+0x345d]  _pthread_wqthread+0x13a
C  [libsystem_pthread.dylib+0x242f]  start_wqthread+0xf


siginfo: si_signo: 11 (SIGSEGV), si_code: 0 (unknown), si_addr: 0x0000000000000000

Registers:
RAX=0x000000012cb86000, RBX=0x0000000000000001, RCX=0x0000000000000000, RDX=0x0000700006d775b0
RSP=0x0000700006d77228, RBP=0x0000700006d77280, RSI=0x00007fc7af155e00, RDI=0x0000700006d77298
R8 =0x000000000000090a, R9 =0x00007fc7af344800, R10=0x0000000000000400, R11=0x0000000000003fff
R12=0x00007fc7acc933f0, R13=0x0000000000000000, R14=0x0000000000000001, R15=0x0000000000000000
RIP=0x000000012cb86000, EFLAGS=0x0000000000010206, ERR=0x0000000000000000
  TRAPNO=0x000000000000000d


Top of Stack: (sp=0x0000700006d77228)
0x0000700006d77228:   000000012cb9bd8c 0000700006d77298
0x0000700006d77238:   00007fc7af155e00 000000012cb86000
0x0000700006d77248:   000000012cb86000 000000012cb86000
0x0000700006d77258:   000000012cb86000 0000700006d775b0
0x0000700006d77268:   00007fc7af155e00 0000700006d77298
0x0000700006d77278:   0000000000000000 0000700006d772b0
0x0000700006d77288:   000000012cb9bc27 0000700006d772b0
0x0000700006d77298:   000000012cb9bbd5 0000700006d775b0
0x0000700006d772a8:   00007fc7af155e00 0000700006d772f0
0x0000700006d772b8:   000000012cb9bb8a 00007fc7af155e00
0x0000700006d772c8:   000000012cb9b849 0000000000000000
0x0000700006d772d8:   0000700006d773b0 0000700006d775b0
0x0000700006d772e8:   00007fc7af155e00 0000700006d77310
0x0000700006d772f8:   000000012cb9bb4d 0000700006d775b0
0x0000700006d77308:   00007fc7af155e00 0000700006d77330
0x0000700006d77318:   000000012cb9bb1d 0000700006d775b0
0x0000700006d77328:   00007fc7af155e00 0000700006d77350
0x0000700006d77338:   000000012cb9baed 0000700006d775b0
0x0000700006d77348:   00007fc7af155e00 0000700006d77370
0x0000700006d77358:   000000012cb9babd 0000700006d775b0
0x0000700006d77368:   00007fc7af155e00 0000700006d77390
0x0000700006d77378:   000000012cb9ba8d 0000700006d775b0
0x0000700006d77388:   00007fc7af155e00 0000700006d773b0
0x0000700006d77398:   000000012cb9ba5d 0000700006d775b0
0x0000700006d773a8:   00007fc7af155e00 0000700006d773d0
0x0000700006d773b8:   000000012cb9ba2d 0000700006d775b0
0x0000700006d773c8:   00007fc7af155e00 0000700006d77400
0x0000700006d773d8:   000000012cb9ba01 00007fc7af155e00
0x0000700006d773e8:   0000700006d775b0 00007fc7af155e00
0x0000700006d773f8:   00007fc7ae3c2118 0000700006d77430
0x0000700006d77408:   000000012cb99805 0000000000000000
0x0000700006d77418:   0000700006d775b0 00007fc7af155e00 

Instructions: (pc=0x000000012cb86000)
0x000000012cb85f00:   00 00 00 00 00 00 00 00 00 00 00 00 00 00 00 00
0x000000012cb85f10:   00 00 00 00 00 00 00 00 00 00 00 00 00 00 00 00
0x000000012cb85f20:   00 00 00 00 00 00 00 00 00 00 00 00 00 00 00 00
0x000000012cb85f30:   00 00 00 00 00 00 00 00 00 00 00 00 00 00 00 00
0x000000012cb85f40:   00 00 00 00 00 00 00 00 00 00 00 00 00 00 00 00
0x000000012cb85f50:   00 00 00 00 00 00 00 00 00 00 00 00 00 00 00 00
0x000000012cb85f60:   00 00 00 00 00 00 00 00 00 00 00 00 00 00 00 00
0x000000012cb85f70:   00 00 00 00 00 00 00 00 00 00 00 00 00 00 00 00
0x000000012cb85f80:   00 00 00 00 00 00 00 00 00 00 00 00 00 00 00 00
0x000000012cb85f90:   00 00 00 00 00 00 00 00 00 00 00 00 00 00 00 00
0x000000012cb85fa0:   00 00 00 00 00 00 00 00 00 00 00 00 00 00 00 00
0x000000012cb85fb0:   00 00 00 00 00 00 00 00 00 00 00 00 00 00 00 00
0x000000012cb85fc0:   00 00 00 00 00 00 00 00 00 00 00 00 00 00 00 00
0x000000012cb85fd0:   00 00 00 00 00 00 00 00 00 00 00 00 00 00 00 00
0x000000012cb85fe0:   00 00 00 00 00 00 00 00 00 00 00 00 00 00 00 00
0x000000012cb85ff0:   00 00 00 00 00 00 00 00 00 00 00 00 00 00 00 00
0x000000012cb86000:   cf fa ed fe 07 00 00 01 03 00 00 00 06 00 00 00
0x000000012cb86010:   10 00 00 00 00 07 00 00 85 80 11 00 00 00 00 00
0x000000012cb86020:   19 00 00 00 78 02 00 00 5f 5f 54 45 58 54 00 00
0x000000012cb86030:   00 00 00 00 00 00 00 00 00 00 00 00 00 00 00 00
0x000000012cb86040:   00 c0 01 00 00 00 00 00 00 00 00 00 00 00 00 00
0x000000012cb86050:   00 c0 01 00 00 00 00 00 05 00 00 00 05 00 00 00
0x000000012cb86060:   07 00 00 00 00 00 00 00 5f 5f 74 65 78 74 00 00
0x000000012cb86070:   00 00 00 00 00 00 00 00 5f 5f 54 45 58 54 00 00
0x000000012cb86080:   00 00 00 00 00 00 00 00 80 19 00 00 00 00 00 00
0x000000012cb86090:   dc 7d 01 00 00 00 00 00 80 19 00 00 04 00 00 00
0x000000012cb860a0:   00 00 00 00 00 00 00 00 00 04 00 80 00 00 00 00
0x000000012cb860b0:   00 00 00 00 00 00 00 00 5f 5f 73 74 75 62 73 00
0x000000012cb860c0:   00 00 00 00 00 00 00 00 5f 5f 54 45 58 54 00 00
0x000000012cb860d0:   00 00 00 00 00 00 00 00 5c 97 01 00 00 00 00 00
0x000000012cb860e0:   ec 04 00 00 00 00 00 00 5c 97 01 00 00 00 00 00
0x000000012cb860f0:   00 00 00 00 00 00 00 00 08 04 00 80 00 00 00 00 



---------------  P R O C E S S  ---------------

VM state: not at safepoint (normal execution)

VM Mutex/Monitor currently owned by a thread: None

Heap address: 0x00000007e0000000, size: 512 MB, Compressed Oops mode: Zero based, Oop shift amount: 3

CDS archive(s) not mapped
Compressed class space mapped at: 0x0000000800000000-0x0000000814000000, reserved size: 335544320
Narrow klass base: 0x0000000800000000, Narrow klass shift: 0, Narrow klass range: 0x14000000

GC Precious Log:
<Skipped>

Heap:
 garbage-first heap   total 262144K, used 109783K [0x00000007e0000000, 0x0000000800000000)
  region size 1024K, 74 young (75776K), 10 survivors (10240K)
 Metaspace       used 62808K, committed 63424K, reserved 393216K
  class space    used 8555K, committed 8832K, reserved 327680K

Heap Regions: E=young(eden), S=young(survivor), O=old, HS=humongous(starts), HC=humongous(continues), CS=collection set, F=free, OA=open archive, CA=closed archive, TAMS=top-at-mark-start (previous, next)
|   0|0x00000007e0000000, 0x00000007e0100000, 0x00000007e0100000|100%| O|  |TAMS 0x00000007e0100000, 0x00000007e0000000| Untracked 
|   1|0x00000007e0100000, 0x00000007e0200000, 0x00000007e0200000|100%|HS|  |TAMS 0x00000007e0200000, 0x00000007e0100000| Complete 
|   2|0x00000007e0200000, 0x00000007e0300000, 0x00000007e0300000|100%|HC|  |TAMS 0x00000007e0300000, 0x00000007e0200000| Complete 
|   3|0x00000007e0300000, 0x00000007e0400000, 0x00000007e0400000|100%|HC|  |TAMS 0x00000007e0400000, 0x00000007e0300000| Complete 
|   4|0x00000007e0400000, 0x00000007e0500000, 0x00000007e0500000|100%|HC|  |TAMS 0x00000007e0500000, 0x00000007e0400000| Complete 
|   5|0x00000007e0500000, 0x00000007e0600000, 0x00000007e0600000|100%| O|  |TAMS 0x00000007e0600000, 0x00000007e0500000| Untracked 
|   6|0x00000007e0600000, 0x00000007e0700000, 0x00000007e0700000|100%| O|  |TAMS 0x00000007e0700000, 0x00000007e0600000| Untracked 
|   7|0x00000007e0700000, 0x00000007e0800000, 0x00000007e0800000|100%| O|  |TAMS 0x00000007e0800000, 0x00000007e0700000| Untracked 
|   8|0x00000007e0800000, 0x00000007e0900000, 0x00000007e0900000|100%|HS|  |TAMS 0x00000007e0900000, 0x00000007e0800000| Complete 
|   9|0x00000007e0900000, 0x00000007e0a00000, 0x00000007e0a00000|100%| O|  |TAMS 0x00000007e0a00000, 0x00000007e0900000| Untracked 
|  10|0x00000007e0a00000, 0x00000007e0b00000, 0x00000007e0b00000|100%| O|  |TAMS 0x00000007e0b00000, 0x00000007e0a00000| Untracked 
|  11|0x00000007e0b00000, 0x00000007e0c00000, 0x00000007e0c00000|100%| O|  |TAMS 0x00000007e0c00000, 0x00000007e0b00000| Untracked 
|  12|0x00000007e0c00000, 0x00000007e0d00000, 0x00000007e0d00000|100%| O|  |TAMS 0x00000007e0d00000, 0x00000007e0c00000| Untracked 
|  13|0x00000007e0d00000, 0x00000007e0e00000, 0x00000007e0e00000|100%| O|  |TAMS 0x00000007e0e00000, 0x00000007e0d00000| Untracked 
|  14|0x00000007e0e00000, 0x00000007e0f00000, 0x00000007e0f00000|100%| O|  |TAMS 0x00000007e0f00000, 0x00000007e0e00000| Untracked 
|  15|0x00000007e0f00000, 0x00000007e1000000, 0x00000007e1000000|100%| O|  |TAMS 0x00000007e1000000, 0x00000007e0f00000| Untracked 
|  16|0x00000007e1000000, 0x00000007e1100000, 0x00000007e1100000|100%| O|  |TAMS 0x00000007e1100000, 0x00000007e1000000| Untracked 
|  17|0x00000007e1100000, 0x00000007e1200000, 0x00000007e1200000|100%| O|  |TAMS 0x00000007e1200000, 0x00000007e1100000| Untracked 
|  18|0x00000007e1200000, 0x00000007e1300000, 0x00000007e1300000|100%| O|  |TAMS 0x00000007e1300000, 0x00000007e1200000| Untracked 
|  19|0x00000007e1300000, 0x00000007e1400000, 0x00000007e1400000|100%| O|  |TAMS 0x00000007e1312000, 0x00000007e1300000| Untracked 
|  20|0x00000007e1400000, 0x00000007e1500000, 0x00000007e1500000|100%| O|  |TAMS 0x00000007e1400000, 0x00000007e1400000| Untracked 
|  21|0x00000007e1500000, 0x00000007e1600000, 0x00000007e1600000|100%| O|  |TAMS 0x00000007e1500000, 0x00000007e1500000| Untracked 
|  22|0x00000007e1600000, 0x00000007e1700000, 0x00000007e1700000|100%| O|  |TAMS 0x00000007e1600000, 0x00000007e1600000| Untracked 
|  23|0x00000007e1700000, 0x00000007e1800000, 0x00000007e1800000|100%| O|  |TAMS 0x00000007e1700000, 0x00000007e1700000| Untracked 
|  24|0x00000007e1800000, 0x00000007e1900000, 0x00000007e1900000|100%| O|  |TAMS 0x00000007e1800000, 0x00000007e1800000| Untracked 
|  25|0x00000007e1900000, 0x00000007e1a00000, 0x00000007e1a00000|100%| O|  |TAMS 0x00000007e1900000, 0x00000007e1900000| Untracked 
|  26|0x00000007e1a00000, 0x00000007e1b00000, 0x00000007e1b00000|100%| O|  |TAMS 0x00000007e1a00000, 0x00000007e1a00000| Untracked 
|  27|0x00000007e1b00000, 0x00000007e1c00000, 0x00000007e1c00000|100%| O|  |TAMS 0x00000007e1b00000, 0x00000007e1b00000| Untracked 
|  28|0x00000007e1c00000, 0x00000007e1d00000, 0x00000007e1d00000|100%| O|  |TAMS 0x00000007e1c00000, 0x00000007e1c00000| Untracked 
|  29|0x00000007e1d00000, 0x00000007e1e00000, 0x00000007e1e00000|100%| O|  |TAMS 0x00000007e1d00000, 0x00000007e1d00000| Untracked 
|  30|0x00000007e1e00000, 0x00000007e1f00000, 0x00000007e1f00000|100%| O|  |TAMS 0x00000007e1e00000, 0x00000007e1e00000| Untracked 
|  31|0x00000007e1f00000, 0x00000007e2000000, 0x00000007e2000000|100%| O|  |TAMS 0x00000007e1f00000, 0x00000007e1f00000| Untracked 
|  32|0x00000007e2000000, 0x00000007e2100000, 0x00000007e2100000|100%| O|  |TAMS 0x00000007e2000000, 0x00000007e2000000| Untracked 
|  33|0x00000007e2100000, 0x00000007e2200000, 0x00000007e2200000|100%| O|  |TAMS 0x00000007e2100000, 0x00000007e2100000| Untracked 
|  34|0x00000007e2200000, 0x00000007e2205a00, 0x00000007e2300000|  2%| O|  |TAMS 0x00000007e2200000, 0x00000007e2200000| Untracked 
|  35|0x00000007e2300000, 0x00000007e2300000, 0x00000007e2400000|  0%| F|  |TAMS 0x00000007e2300000, 0x00000007e2300000| Untracked 
|  36|0x00000007e2400000, 0x00000007e2400000, 0x00000007e2500000|  0%| F|  |TAMS 0x00000007e2400000, 0x00000007e2400000| Untracked 
|  37|0x00000007e2500000, 0x00000007e2500000, 0x00000007e2600000|  0%| F|  |TAMS 0x00000007e2500000, 0x00000007e2500000| Untracked 
|  38|0x00000007e2600000, 0x00000007e2600000, 0x00000007e2700000|  0%| F|  |TAMS 0x00000007e2600000, 0x00000007e2600000| Untracked 
|  39|0x00000007e2700000, 0x00000007e2700000, 0x00000007e2800000|  0%| F|  |TAMS 0x00000007e2700000, 0x00000007e2700000| Untracked 
|  40|0x00000007e2800000, 0x00000007e2800000, 0x00000007e2900000|  0%| F|  |TAMS 0x00000007e2800000, 0x00000007e2800000| Untracked 
|  41|0x00000007e2900000, 0x00000007e2900000, 0x00000007e2a00000|  0%| F|  |TAMS 0x00000007e2900000, 0x00000007e2900000| Untracked 
|  42|0x00000007e2a00000, 0x00000007e2a00000, 0x00000007e2b00000|  0%| F|  |TAMS 0x00000007e2a00000, 0x00000007e2a00000| Untracked 
|  43|0x00000007e2b00000, 0x00000007e2b00000, 0x00000007e2c00000|  0%| F|  |TAMS 0x00000007e2b00000, 0x00000007e2b00000| Untracked 
|  44|0x00000007e2c00000, 0x00000007e2c00000, 0x00000007e2d00000|  0%| F|  |TAMS 0x00000007e2c00000, 0x00000007e2c00000| Untracked 
|  45|0x00000007e2d00000, 0x00000007e2d00000, 0x00000007e2e00000|  0%| F|  |TAMS 0x00000007e2d00000, 0x00000007e2d00000| Untracked 
|  46|0x00000007e2e00000, 0x00000007e2e00000, 0x00000007e2f00000|  0%| F|  |TAMS 0x00000007e2e00000, 0x00000007e2e00000| Untracked 
|  47|0x00000007e2f00000, 0x00000007e2f00000, 0x00000007e3000000|  0%| F|  |TAMS 0x00000007e2f00000, 0x00000007e2f00000| Untracked 
|  48|0x00000007e3000000, 0x00000007e3000000, 0x00000007e3100000|  0%| F|  |TAMS 0x00000007e3000000, 0x00000007e3000000| Untracked 
|  49|0x00000007e3100000, 0x00000007e3100000, 0x00000007e3200000|  0%| F|  |TAMS 0x00000007e3100000, 0x00000007e3100000| Untracked 
|  50|0x00000007e3200000, 0x00000007e3200000, 0x00000007e3300000|  0%| F|  |TAMS 0x00000007e3200000, 0x00000007e3200000| Untracked 
|  51|0x00000007e3300000, 0x00000007e3300000, 0x00000007e3400000|  0%| F|  |TAMS 0x00000007e3300000, 0x00000007e3300000| Untracked 
|  52|0x00000007e3400000, 0x00000007e3400000, 0x00000007e3500000|  0%| F|  |TAMS 0x00000007e3400000, 0x00000007e3400000| Untracked 
|  53|0x00000007e3500000, 0x00000007e3500000, 0x00000007e3600000|  0%| F|  |TAMS 0x00000007e3500000, 0x00000007e3500000| Untracked 
|  54|0x00000007e3600000, 0x00000007e3600000, 0x00000007e3700000|  0%| F|  |TAMS 0x00000007e3600000, 0x00000007e3600000| Untracked 
|  55|0x00000007e3700000, 0x00000007e3700000, 0x00000007e3800000|  0%| F|  |TAMS 0x00000007e3700000, 0x00000007e3700000| Untracked 
|  56|0x00000007e3800000, 0x00000007e3800000, 0x00000007e3900000|  0%| F|  |TAMS 0x00000007e3800000, 0x00000007e3800000| Untracked 
|  57|0x00000007e3900000, 0x00000007e3900000, 0x00000007e3a00000|  0%| F|  |TAMS 0x00000007e3900000, 0x00000007e3900000| Untracked 
|  58|0x00000007e3a00000, 0x00000007e3a00000, 0x00000007e3b00000|  0%| F|  |TAMS 0x00000007e3a00000, 0x00000007e3a00000| Untracked 
|  59|0x00000007e3b00000, 0x00000007e3b00000, 0x00000007e3c00000|  0%| F|  |TAMS 0x00000007e3b00000, 0x00000007e3b00000| Untracked 
|  60|0x00000007e3c00000, 0x00000007e3c00000, 0x00000007e3d00000|  0%| F|  |TAMS 0x00000007e3c00000, 0x00000007e3c00000| Untracked 
|  61|0x00000007e3d00000, 0x00000007e3d00000, 0x00000007e3e00000|  0%| F|  |TAMS 0x00000007e3d00000, 0x00000007e3d00000| Untracked 
|  62|0x00000007e3e00000, 0x00000007e3e00000, 0x00000007e3f00000|  0%| F|  |TAMS 0x00000007e3e00000, 0x00000007e3e00000| Untracked 
|  63|0x00000007e3f00000, 0x00000007e3f00000, 0x00000007e4000000|  0%| F|  |TAMS 0x00000007e3f00000, 0x00000007e3f00000| Untracked 
|  64|0x00000007e4000000, 0x00000007e4000000, 0x00000007e4100000|  0%| F|  |TAMS 0x00000007e4000000, 0x00000007e4000000| Untracked 
|  65|0x00000007e4100000, 0x00000007e4100000, 0x00000007e4200000|  0%| F|  |TAMS 0x00000007e4100000, 0x00000007e4100000| Untracked 
|  66|0x00000007e4200000, 0x00000007e4200000, 0x00000007e4300000|  0%| F|  |TAMS 0x00000007e4200000, 0x00000007e4200000| Untracked 
|  67|0x00000007e4300000, 0x00000007e4300000, 0x00000007e4400000|  0%| F|  |TAMS 0x00000007e4300000, 0x00000007e4300000| Untracked 
|  68|0x00000007e4400000, 0x00000007e4400000, 0x00000007e4500000|  0%| F|  |TAMS 0x00000007e4400000, 0x00000007e4400000| Untracked 
|  69|0x00000007e4500000, 0x00000007e4500000, 0x00000007e4600000|  0%| F|  |TAMS 0x00000007e4500000, 0x00000007e4500000| Untracked 
|  70|0x00000007e4600000, 0x00000007e4600000, 0x00000007e4700000|  0%| F|  |TAMS 0x00000007e4600000, 0x00000007e4600000| Untracked 
|  71|0x00000007e4700000, 0x00000007e4700000, 0x00000007e4800000|  0%| F|  |TAMS 0x00000007e4700000, 0x00000007e4700000| Untracked 
|  72|0x00000007e4800000, 0x00000007e4800000, 0x00000007e4900000|  0%| F|  |TAMS 0x00000007e4800000, 0x00000007e4800000| Untracked 
|  73|0x00000007e4900000, 0x00000007e4900000, 0x00000007e4a00000|  0%| F|  |TAMS 0x00000007e4900000, 0x00000007e4900000| Untracked 
|  74|0x00000007e4a00000, 0x00000007e4a00000, 0x00000007e4b00000|  0%| F|  |TAMS 0x00000007e4a00000, 0x00000007e4a00000| Untracked 
|  75|0x00000007e4b00000, 0x00000007e4b00000, 0x00000007e4c00000|  0%| F|  |TAMS 0x00000007e4b00000, 0x00000007e4b00000| Untracked 
|  76|0x00000007e4c00000, 0x00000007e4c00000, 0x00000007e4d00000|  0%| F|  |TAMS 0x00000007e4c00000, 0x00000007e4c00000| Untracked 
|  77|0x00000007e4d00000, 0x00000007e4d00000, 0x00000007e4e00000|  0%| F|  |TAMS 0x00000007e4d00000, 0x00000007e4d00000| Untracked 
|  78|0x00000007e4e00000, 0x00000007e4e00000, 0x00000007e4f00000|  0%| F|  |TAMS 0x00000007e4e00000, 0x00000007e4e00000| Untracked 
|  79|0x00000007e4f00000, 0x00000007e4f00000, 0x00000007e5000000|  0%| F|  |TAMS 0x00000007e4f00000, 0x00000007e4f00000| Untracked 
|  80|0x00000007e5000000, 0x00000007e5000000, 0x00000007e5100000|  0%| F|  |TAMS 0x00000007e5000000, 0x00000007e5000000| Untracked 
|  81|0x00000007e5100000, 0x00000007e5100000, 0x00000007e5200000|  0%| F|  |TAMS 0x00000007e5100000, 0x00000007e5100000| Untracked 
|  82|0x00000007e5200000, 0x00000007e5200000, 0x00000007e5300000|  0%| F|  |TAMS 0x00000007e5200000, 0x00000007e5200000| Untracked 
|  83|0x00000007e5300000, 0x00000007e5300000, 0x00000007e5400000|  0%| F|  |TAMS 0x00000007e5300000, 0x00000007e5300000| Untracked 
|  84|0x00000007e5400000, 0x00000007e5400000, 0x00000007e5500000|  0%| F|  |TAMS 0x00000007e5400000, 0x00000007e5400000| Untracked 
|  85|0x00000007e5500000, 0x00000007e5500000, 0x00000007e5600000|  0%| F|  |TAMS 0x00000007e5500000, 0x00000007e5500000| Untracked 
|  86|0x00000007e5600000, 0x00000007e5600000, 0x00000007e5700000|  0%| F|  |TAMS 0x00000007e5600000, 0x00000007e5600000| Untracked 
|  87|0x00000007e5700000, 0x00000007e5700000, 0x00000007e5800000|  0%| F|  |TAMS 0x00000007e5700000, 0x00000007e5700000| Untracked 
|  88|0x00000007e5800000, 0x00000007e5800000, 0x00000007e5900000|  0%| F|  |TAMS 0x00000007e5800000, 0x00000007e5800000| Untracked 
|  89|0x00000007e5900000, 0x00000007e5900000, 0x00000007e5a00000|  0%| F|  |TAMS 0x00000007e5900000, 0x00000007e5900000| Untracked 
|  90|0x00000007e5a00000, 0x00000007e5a00000, 0x00000007e5b00000|  0%| F|  |TAMS 0x00000007e5a00000, 0x00000007e5a00000| Untracked 
|  91|0x00000007e5b00000, 0x00000007e5b00000, 0x00000007e5c00000|  0%| F|  |TAMS 0x00000007e5b00000, 0x00000007e5b00000| Untracked 
|  92|0x00000007e5c00000, 0x00000007e5c00000, 0x00000007e5d00000|  0%| F|  |TAMS 0x00000007e5c00000, 0x00000007e5c00000| Untracked 
|  93|0x00000007e5d00000, 0x00000007e5d00000, 0x00000007e5e00000|  0%| F|  |TAMS 0x00000007e5d00000, 0x00000007e5d00000| Untracked 
|  94|0x00000007e5e00000, 0x00000007e5e00000, 0x00000007e5f00000|  0%| F|  |TAMS 0x00000007e5e00000, 0x00000007e5e00000| Untracked 
|  95|0x00000007e5f00000, 0x00000007e5f00000, 0x00000007e6000000|  0%| F|  |TAMS 0x00000007e5f00000, 0x00000007e5f00000| Untracked 
|  96|0x00000007e6000000, 0x00000007e6000000, 0x00000007e6100000|  0%| F|  |TAMS 0x00000007e6000000, 0x00000007e6000000| Untracked 
|  97|0x00000007e6100000, 0x00000007e6100000, 0x00000007e6200000|  0%| F|  |TAMS 0x00000007e6100000, 0x00000007e6100000| Untracked 
|  98|0x00000007e6200000, 0x00000007e6200000, 0x00000007e6300000|  0%| F|  |TAMS 0x00000007e6200000, 0x00000007e6200000| Untracked 
|  99|0x00000007e6300000, 0x00000007e6300000, 0x00000007e6400000|  0%| F|  |TAMS 0x00000007e6300000, 0x00000007e6300000| Untracked 
| 100|0x00000007e6400000, 0x00000007e6400000, 0x00000007e6500000|  0%| F|  |TAMS 0x00000007e6400000, 0x00000007e6400000| Untracked 
| 101|0x00000007e6500000, 0x00000007e6500000, 0x00000007e6600000|  0%| F|  |TAMS 0x00000007e6500000, 0x00000007e6500000| Untracked 
| 102|0x00000007e6600000, 0x00000007e6600000, 0x00000007e6700000|  0%| F|  |TAMS 0x00000007e6600000, 0x00000007e6600000| Untracked 
| 103|0x00000007e6700000, 0x00000007e6700000, 0x00000007e6800000|  0%| F|  |TAMS 0x00000007e6700000, 0x00000007e6700000| Untracked 
| 104|0x00000007e6800000, 0x00000007e6800000, 0x00000007e6900000|  0%| F|  |TAMS 0x00000007e6800000, 0x00000007e6800000| Untracked 
| 105|0x00000007e6900000, 0x00000007e6900000, 0x00000007e6a00000|  0%| F|  |TAMS 0x00000007e6900000, 0x00000007e6900000| Untracked 
| 106|0x00000007e6a00000, 0x00000007e6a00000, 0x00000007e6b00000|  0%| F|  |TAMS 0x00000007e6a00000, 0x00000007e6a00000| Untracked 
| 107|0x00000007e6b00000, 0x00000007e6b00000, 0x00000007e6c00000|  0%| F|  |TAMS 0x00000007e6b00000, 0x00000007e6b00000| Untracked 
| 108|0x00000007e6c00000, 0x00000007e6c00000, 0x00000007e6d00000|  0%| F|  |TAMS 0x00000007e6c00000, 0x00000007e6c00000| Untracked 
| 109|0x00000007e6d00000, 0x00000007e6d00000, 0x00000007e6e00000|  0%| F|  |TAMS 0x00000007e6d00000, 0x00000007e6d00000| Untracked 
| 110|0x00000007e6e00000, 0x00000007e6e00000, 0x00000007e6f00000|  0%| F|  |TAMS 0x00000007e6e00000, 0x00000007e6e00000| Untracked 
| 111|0x00000007e6f00000, 0x00000007e6f00000, 0x00000007e7000000|  0%| F|  |TAMS 0x00000007e6f00000, 0x00000007e6f00000| Untracked 
| 112|0x00000007e7000000, 0x00000007e7000000, 0x00000007e7100000|  0%| F|  |TAMS 0x00000007e7000000, 0x00000007e7000000| Untracked 
| 113|0x00000007e7100000, 0x00000007e7100000, 0x00000007e7200000|  0%| F|  |TAMS 0x00000007e7100000, 0x00000007e7100000| Untracked 
| 114|0x00000007e7200000, 0x00000007e7200000, 0x00000007e7300000|  0%| F|  |TAMS 0x00000007e7200000, 0x00000007e7200000| Untracked 
| 115|0x00000007e7300000, 0x00000007e7300000, 0x00000007e7400000|  0%| F|  |TAMS 0x00000007e7300000, 0x00000007e7300000| Untracked 
| 116|0x00000007e7400000, 0x00000007e7400000, 0x00000007e7500000|  0%| F|  |TAMS 0x00000007e7400000, 0x00000007e7400000| Untracked 
| 117|0x00000007e7500000, 0x00000007e7500000, 0x00000007e7600000|  0%| F|  |TAMS 0x00000007e7500000, 0x00000007e7500000| Untracked 
| 118|0x00000007e7600000, 0x00000007e7600000, 0x00000007e7700000|  0%| F|  |TAMS 0x00000007e7600000, 0x00000007e7600000| Untracked 
| 119|0x00000007e7700000, 0x00000007e7700000, 0x00000007e7800000|  0%| F|  |TAMS 0x00000007e7700000, 0x00000007e7700000| Untracked 
| 120|0x00000007e7800000, 0x00000007e7800000, 0x00000007e7900000|  0%| F|  |TAMS 0x00000007e7800000, 0x00000007e7800000| Untracked 
| 121|0x00000007e7900000, 0x00000007e7900000, 0x00000007e7a00000|  0%| F|  |TAMS 0x00000007e7900000, 0x00000007e7900000| Untracked 
| 122|0x00000007e7a00000, 0x00000007e7a00000, 0x00000007e7b00000|  0%| F|  |TAMS 0x00000007e7a00000, 0x00000007e7a00000| Untracked 
| 123|0x00000007e7b00000, 0x00000007e7b00000, 0x00000007e7c00000|  0%| F|  |TAMS 0x00000007e7b00000, 0x00000007e7b00000| Untracked 
| 124|0x00000007e7c00000, 0x00000007e7c00000, 0x00000007e7d00000|  0%| F|  |TAMS 0x00000007e7c00000, 0x00000007e7c00000| Untracked 
| 125|0x00000007e7d00000, 0x00000007e7d00000, 0x00000007e7e00000|  0%| F|  |TAMS 0x00000007e7d00000, 0x00000007e7d00000| Untracked 
| 126|0x00000007e7e00000, 0x00000007e7e00000, 0x00000007e7f00000|  0%| F|  |TAMS 0x00000007e7e00000, 0x00000007e7e00000| Untracked 
| 127|0x00000007e7f00000, 0x00000007e7f00000, 0x00000007e8000000|  0%| F|  |TAMS 0x00000007e7f00000, 0x00000007e7f00000| Untracked 
| 128|0x00000007e8000000, 0x00000007e8000000, 0x00000007e8100000|  0%| F|  |TAMS 0x00000007e8000000, 0x00000007e8000000| Untracked 
| 129|0x00000007e8100000, 0x00000007e8100000, 0x00000007e8200000|  0%| F|  |TAMS 0x00000007e8100000, 0x00000007e8100000| Untracked 
| 130|0x00000007e8200000, 0x00000007e8200000, 0x00000007e8300000|  0%| F|  |TAMS 0x00000007e8200000, 0x00000007e8200000| Untracked 
| 131|0x00000007e8300000, 0x00000007e8300000, 0x00000007e8400000|  0%| F|  |TAMS 0x00000007e8300000, 0x00000007e8300000| Untracked 
| 132|0x00000007e8400000, 0x00000007e8400000, 0x00000007e8500000|  0%| F|  |TAMS 0x00000007e8400000, 0x00000007e8400000| Untracked 
| 133|0x00000007e8500000, 0x00000007e8500000, 0x00000007e8600000|  0%| F|  |TAMS 0x00000007e8500000, 0x00000007e8500000| Untracked 
| 134|0x00000007e8600000, 0x00000007e8600000, 0x00000007e8700000|  0%| F|  |TAMS 0x00000007e8600000, 0x00000007e8600000| Untracked 
| 135|0x00000007e8700000, 0x00000007e8700000, 0x00000007e8800000|  0%| F|  |TAMS 0x00000007e8700000, 0x00000007e8700000| Untracked 
| 136|0x00000007e8800000, 0x00000007e8800000, 0x00000007e8900000|  0%| F|  |TAMS 0x00000007e8800000, 0x00000007e8800000| Untracked 
| 137|0x00000007e8900000, 0x00000007e8980000, 0x00000007e8a00000| 50%| S|CS|TAMS 0x00000007e8900000, 0x00000007e8900000| Complete 
| 138|0x00000007e8a00000, 0x00000007e8b00000, 0x00000007e8b00000|100%| S|CS|TAMS 0x00000007e8a00000, 0x00000007e8a00000| Complete 
| 139|0x00000007e8b00000, 0x00000007e8c00000, 0x00000007e8c00000|100%| S|CS|TAMS 0x00000007e8b00000, 0x00000007e8b00000| Complete 
| 140|0x00000007e8c00000, 0x00000007e8d00000, 0x00000007e8d00000|100%| S|CS|TAMS 0x00000007e8c00000, 0x00000007e8c00000| Complete 
| 141|0x00000007e8d00000, 0x00000007e8e00000, 0x00000007e8e00000|100%| S|CS|TAMS 0x00000007e8d00000, 0x00000007e8d00000| Complete 
| 142|0x00000007e8e00000, 0x00000007e8f00000, 0x00000007e8f00000|100%| S|CS|TAMS 0x00000007e8e00000, 0x00000007e8e00000| Complete 
| 143|0x00000007e8f00000, 0x00000007e9000000, 0x00000007e9000000|100%| S|CS|TAMS 0x00000007e8f00000, 0x00000007e8f00000| Complete 
| 144|0x00000007e9000000, 0x00000007e9100000, 0x00000007e9100000|100%| S|CS|TAMS 0x00000007e9000000, 0x00000007e9000000| Complete 
| 145|0x00000007e9100000, 0x00000007e9200000, 0x00000007e9200000|100%| S|CS|TAMS 0x00000007e9100000, 0x00000007e9100000| Complete 
| 146|0x00000007e9200000, 0x00000007e9300000, 0x00000007e9300000|100%| S|CS|TAMS 0x00000007e9200000, 0x00000007e9200000| Complete 
| 147|0x00000007e9300000, 0x00000007e9300000, 0x00000007e9400000|  0%| F|  |TAMS 0x00000007e9300000, 0x00000007e9300000| Untracked 
| 148|0x00000007e9400000, 0x00000007e9400000, 0x00000007e9500000|  0%| F|  |TAMS 0x00000007e9400000, 0x00000007e9400000| Untracked 
| 149|0x00000007e9500000, 0x00000007e9500000, 0x00000007e9600000|  0%| F|  |TAMS 0x00000007e9500000, 0x00000007e9500000| Untracked 
| 150|0x00000007e9600000, 0x00000007e9600000, 0x00000007e9700000|  0%| F|  |TAMS 0x00000007e9600000, 0x00000007e9600000| Untracked 
| 151|0x00000007e9700000, 0x00000007e9700000, 0x00000007e9800000|  0%| F|  |TAMS 0x00000007e9700000, 0x00000007e9700000| Untracked 
| 152|0x00000007e9800000, 0x00000007e9800000, 0x00000007e9900000|  0%| F|  |TAMS 0x00000007e9800000, 0x00000007e9800000| Untracked 
| 153|0x00000007e9900000, 0x00000007e9900000, 0x00000007e9a00000|  0%| F|  |TAMS 0x00000007e9900000, 0x00000007e9900000| Untracked 
| 154|0x00000007e9a00000, 0x00000007e9a00000, 0x00000007e9b00000|  0%| F|  |TAMS 0x00000007e9a00000, 0x00000007e9a00000| Untracked 
| 155|0x00000007e9b00000, 0x00000007e9b00000, 0x00000007e9c00000|  0%| F|  |TAMS 0x00000007e9b00000, 0x00000007e9b00000| Untracked 
| 156|0x00000007e9c00000, 0x00000007e9c00000, 0x00000007e9d00000|  0%| F|  |TAMS 0x00000007e9c00000, 0x00000007e9c00000| Untracked 
| 157|0x00000007e9d00000, 0x00000007e9d00000, 0x00000007e9e00000|  0%| F|  |TAMS 0x00000007e9d00000, 0x00000007e9d00000| Untracked 
| 158|0x00000007e9e00000, 0x00000007e9e00000, 0x00000007e9f00000|  0%| F|  |TAMS 0x00000007e9e00000, 0x00000007e9e00000| Untracked 
| 159|0x00000007e9f00000, 0x00000007e9f00000, 0x00000007ea000000|  0%| F|  |TAMS 0x00000007e9f00000, 0x00000007e9f00000| Untracked 
| 160|0x00000007ea000000, 0x00000007ea000000, 0x00000007ea100000|  0%| F|  |TAMS 0x00000007ea000000, 0x00000007ea000000| Untracked 
| 161|0x00000007ea100000, 0x00000007ea100000, 0x00000007ea200000|  0%| F|  |TAMS 0x00000007ea100000, 0x00000007ea100000| Untracked 
| 162|0x00000007ea200000, 0x00000007ea200000, 0x00000007ea300000|  0%| F|  |TAMS 0x00000007ea200000, 0x00000007ea200000| Untracked 
| 163|0x00000007ea300000, 0x00000007ea300000, 0x00000007ea400000|  0%| F|  |TAMS 0x00000007ea300000, 0x00000007ea300000| Untracked 
| 164|0x00000007ea400000, 0x00000007ea400000, 0x00000007ea500000|  0%| F|  |TAMS 0x00000007ea400000, 0x00000007ea400000| Untracked 
| 165|0x00000007ea500000, 0x00000007ea500000, 0x00000007ea600000|  0%| F|  |TAMS 0x00000007ea500000, 0x00000007ea500000| Untracked 
| 166|0x00000007ea600000, 0x00000007ea600000, 0x00000007ea700000|  0%| F|  |TAMS 0x00000007ea600000, 0x00000007ea600000| Untracked 
| 167|0x00000007ea700000, 0x00000007ea700000, 0x00000007ea800000|  0%| F|  |TAMS 0x00000007ea700000, 0x00000007ea700000| Untracked 
| 168|0x00000007ea800000, 0x00000007ea800000, 0x00000007ea900000|  0%| F|  |TAMS 0x00000007ea800000, 0x00000007ea800000| Untracked 
| 169|0x00000007ea900000, 0x00000007ea900000, 0x00000007eaa00000|  0%| F|  |TAMS 0x00000007ea900000, 0x00000007ea900000| Untracked 
| 170|0x00000007eaa00000, 0x00000007eaa00000, 0x00000007eab00000|  0%| F|  |TAMS 0x00000007eaa00000, 0x00000007eaa00000| Untracked 
| 171|0x00000007eab00000, 0x00000007eab00000, 0x00000007eac00000|  0%| F|  |TAMS 0x00000007eab00000, 0x00000007eab00000| Untracked 
| 172|0x00000007eac00000, 0x00000007eac00000, 0x00000007ead00000|  0%| F|  |TAMS 0x00000007eac00000, 0x00000007eac00000| Untracked 
| 173|0x00000007ead00000, 0x00000007ead00000, 0x00000007eae00000|  0%| F|  |TAMS 0x00000007ead00000, 0x00000007ead00000| Untracked 
| 174|0x00000007eae00000, 0x00000007eae00000, 0x00000007eaf00000|  0%| F|  |TAMS 0x00000007eae00000, 0x00000007eae00000| Untracked 
| 175|0x00000007eaf00000, 0x00000007eaf00000, 0x00000007eb000000|  0%| F|  |TAMS 0x00000007eaf00000, 0x00000007eaf00000| Untracked 
| 176|0x00000007eb000000, 0x00000007eb000000, 0x00000007eb100000|  0%| F|  |TAMS 0x00000007eb000000, 0x00000007eb000000| Untracked 
| 177|0x00000007eb100000, 0x00000007eb100000, 0x00000007eb200000|  0%| F|  |TAMS 0x00000007eb100000, 0x00000007eb100000| Untracked 
| 178|0x00000007eb200000, 0x00000007eb200000, 0x00000007eb300000|  0%| F|  |TAMS 0x00000007eb200000, 0x00000007eb200000| Untracked 
| 179|0x00000007eb300000, 0x00000007eb300000, 0x00000007eb400000|  0%| F|  |TAMS 0x00000007eb300000, 0x00000007eb300000| Untracked 
| 180|0x00000007eb400000, 0x00000007eb400000, 0x00000007eb500000|  0%| F|  |TAMS 0x00000007eb400000, 0x00000007eb400000| Untracked 
| 181|0x00000007eb500000, 0x00000007eb500000, 0x00000007eb600000|  0%| F|  |TAMS 0x00000007eb500000, 0x00000007eb500000| Untracked 
| 182|0x00000007eb600000, 0x00000007eb600000, 0x00000007eb700000|  0%| F|  |TAMS 0x00000007eb600000, 0x00000007eb600000| Untracked 
| 183|0x00000007eb700000, 0x00000007eb700000, 0x00000007eb800000|  0%| F|  |TAMS 0x00000007eb700000, 0x00000007eb700000| Untracked 
| 184|0x00000007eb800000, 0x00000007eb800000, 0x00000007eb900000|  0%| F|  |TAMS 0x00000007eb800000, 0x00000007eb800000| Untracked 
| 185|0x00000007eb900000, 0x00000007eb900000, 0x00000007eba00000|  0%| F|  |TAMS 0x00000007eb900000, 0x00000007eb900000| Untracked 
| 186|0x00000007eba00000, 0x00000007eba00000, 0x00000007ebb00000|  0%| F|  |TAMS 0x00000007eba00000, 0x00000007eba00000| Untracked 
| 187|0x00000007ebb00000, 0x00000007ebb00000, 0x00000007ebc00000|  0%| F|  |TAMS 0x00000007ebb00000, 0x00000007ebb00000| Untracked 
| 188|0x00000007ebc00000, 0x00000007ebc00000, 0x00000007ebd00000|  0%| F|  |TAMS 0x00000007ebc00000, 0x00000007ebc00000| Untracked 
| 189|0x00000007ebd00000, 0x00000007ebd00000, 0x00000007ebe00000|  0%| F|  |TAMS 0x00000007ebd00000, 0x00000007ebd00000| Untracked 
| 190|0x00000007ebe00000, 0x00000007ebe00000, 0x00000007ebf00000|  0%| F|  |TAMS 0x00000007ebe00000, 0x00000007ebe00000| Untracked 
| 191|0x00000007ebf00000, 0x00000007ebf00000, 0x00000007ec000000|  0%| F|  |TAMS 0x00000007ebf00000, 0x00000007ebf00000| Untracked 
| 192|0x00000007ec000000, 0x00000007ec0b0298, 0x00000007ec100000| 68%| E|  |TAMS 0x00000007ec000000, 0x00000007ec000000| Complete 
| 193|0x00000007ec100000, 0x00000007ec200000, 0x00000007ec200000|100%| E|CS|TAMS 0x00000007ec100000, 0x00000007ec100000| Complete 
| 194|0x00000007ec200000, 0x00000007ec300000, 0x00000007ec300000|100%| E|CS|TAMS 0x00000007ec200000, 0x00000007ec200000| Complete 
| 195|0x00000007ec300000, 0x00000007ec400000, 0x00000007ec400000|100%| E|CS|TAMS 0x00000007ec300000, 0x00000007ec300000| Complete 
| 196|0x00000007ec400000, 0x00000007ec500000, 0x00000007ec500000|100%| E|CS|TAMS 0x00000007ec400000, 0x00000007ec400000| Complete 
| 197|0x00000007ec500000, 0x00000007ec600000, 0x00000007ec600000|100%| E|CS|TAMS 0x00000007ec500000, 0x00000007ec500000| Complete 
| 198|0x00000007ec600000, 0x00000007ec700000, 0x00000007ec700000|100%| E|CS|TAMS 0x00000007ec600000, 0x00000007ec600000| Complete 
| 199|0x00000007ec700000, 0x00000007ec800000, 0x00000007ec800000|100%| E|CS|TAMS 0x00000007ec700000, 0x00000007ec700000| Complete 
| 200|0x00000007ec800000, 0x00000007ec900000, 0x00000007ec900000|100%| E|CS|TAMS 0x00000007ec800000, 0x00000007ec800000| Complete 
| 201|0x00000007ec900000, 0x00000007eca00000, 0x00000007eca00000|100%| E|CS|TAMS 0x00000007ec900000, 0x00000007ec900000| Complete 
| 202|0x00000007eca00000, 0x00000007ecb00000, 0x00000007ecb00000|100%| E|CS|TAMS 0x00000007eca00000, 0x00000007eca00000| Complete 
| 203|0x00000007ecb00000, 0x00000007ecc00000, 0x00000007ecc00000|100%| E|CS|TAMS 0x00000007ecb00000, 0x00000007ecb00000| Complete 
| 204|0x00000007ecc00000, 0x00000007ecd00000, 0x00000007ecd00000|100%| E|CS|TAMS 0x00000007ecc00000, 0x00000007ecc00000| Complete 
| 205|0x00000007ecd00000, 0x00000007ece00000, 0x00000007ece00000|100%| E|CS|TAMS 0x00000007ecd00000, 0x00000007ecd00000| Complete 
| 206|0x00000007ece00000, 0x00000007ecf00000, 0x00000007ecf00000|100%| E|CS|TAMS 0x00000007ece00000, 0x00000007ece00000| Complete 
| 207|0x00000007ecf00000, 0x00000007ed000000, 0x00000007ed000000|100%| E|CS|TAMS 0x00000007ecf00000, 0x00000007ecf00000| Complete 
| 208|0x00000007ed000000, 0x00000007ed100000, 0x00000007ed100000|100%| E|CS|TAMS 0x00000007ed000000, 0x00000007ed000000| Complete 
| 209|0x00000007ed100000, 0x00000007ed200000, 0x00000007ed200000|100%| E|CS|TAMS 0x00000007ed100000, 0x00000007ed100000| Complete 
| 210|0x00000007ed200000, 0x00000007ed300000, 0x00000007ed300000|100%| E|CS|TAMS 0x00000007ed200000, 0x00000007ed200000| Complete 
| 211|0x00000007ed300000, 0x00000007ed400000, 0x00000007ed400000|100%| E|  |TAMS 0x00000007ed300000, 0x00000007ed300000| Complete 
| 212|0x00000007ed400000, 0x00000007ed500000, 0x00000007ed500000|100%| E|CS|TAMS 0x00000007ed400000, 0x00000007ed400000| Complete 
| 213|0x00000007ed500000, 0x00000007ed600000, 0x00000007ed600000|100%| E|CS|TAMS 0x00000007ed500000, 0x00000007ed500000| Complete 
| 214|0x00000007ed600000, 0x00000007ed700000, 0x00000007ed700000|100%| E|CS|TAMS 0x00000007ed600000, 0x00000007ed600000| Complete 
| 215|0x00000007ed700000, 0x00000007ed800000, 0x00000007ed800000|100%| E|CS|TAMS 0x00000007ed700000, 0x00000007ed700000| Complete 
| 216|0x00000007ed800000, 0x00000007ed900000, 0x00000007ed900000|100%| E|CS|TAMS 0x00000007ed800000, 0x00000007ed800000| Complete 
| 217|0x00000007ed900000, 0x00000007eda00000, 0x00000007eda00000|100%| E|CS|TAMS 0x00000007ed900000, 0x00000007ed900000| Complete 
| 218|0x00000007eda00000, 0x00000007edb00000, 0x00000007edb00000|100%| E|CS|TAMS 0x00000007eda00000, 0x00000007eda00000| Complete 
| 219|0x00000007edb00000, 0x00000007edc00000, 0x00000007edc00000|100%| E|CS|TAMS 0x00000007edb00000, 0x00000007edb00000| Complete 
| 220|0x00000007edc00000, 0x00000007edd00000, 0x00000007edd00000|100%| E|CS|TAMS 0x00000007edc00000, 0x00000007edc00000| Complete 
| 221|0x00000007edd00000, 0x00000007ede00000, 0x00000007ede00000|100%| E|CS|TAMS 0x00000007edd00000, 0x00000007edd00000| Complete 
| 222|0x00000007ede00000, 0x00000007edf00000, 0x00000007edf00000|100%| E|CS|TAMS 0x00000007ede00000, 0x00000007ede00000| Complete 
| 223|0x00000007edf00000, 0x00000007ee000000, 0x00000007ee000000|100%| E|CS|TAMS 0x00000007edf00000, 0x00000007edf00000| Complete 
| 224|0x00000007ee000000, 0x00000007ee100000, 0x00000007ee100000|100%| E|CS|TAMS 0x00000007ee000000, 0x00000007ee000000| Complete 
| 225|0x00000007ee100000, 0x00000007ee200000, 0x00000007ee200000|100%| E|CS|TAMS 0x00000007ee100000, 0x00000007ee100000| Complete 
| 226|0x00000007ee200000, 0x00000007ee300000, 0x00000007ee300000|100%| E|CS|TAMS 0x00000007ee200000, 0x00000007ee200000| Complete 
| 227|0x00000007ee300000, 0x00000007ee400000, 0x00000007ee400000|100%| E|CS|TAMS 0x00000007ee300000, 0x00000007ee300000| Complete 
| 228|0x00000007ee400000, 0x00000007ee500000, 0x00000007ee500000|100%| E|CS|TAMS 0x00000007ee400000, 0x00000007ee400000| Complete 
| 229|0x00000007ee500000, 0x00000007ee600000, 0x00000007ee600000|100%| E|CS|TAMS 0x00000007ee500000, 0x00000007ee500000| Complete 
| 230|0x00000007ee600000, 0x00000007ee700000, 0x00000007ee700000|100%| E|CS|TAMS 0x00000007ee600000, 0x00000007ee600000| Complete 
| 231|0x00000007ee700000, 0x00000007ee800000, 0x00000007ee800000|100%| E|CS|TAMS 0x00000007ee700000, 0x00000007ee700000| Complete 
| 232|0x00000007ee800000, 0x00000007ee900000, 0x00000007ee900000|100%| E|CS|TAMS 0x00000007ee800000, 0x00000007ee800000| Complete 
| 233|0x00000007ee900000, 0x00000007eea00000, 0x00000007eea00000|100%| E|CS|TAMS 0x00000007ee900000, 0x00000007ee900000| Complete 
| 234|0x00000007eea00000, 0x00000007eeb00000, 0x00000007eeb00000|100%| E|CS|TAMS 0x00000007eea00000, 0x00000007eea00000| Complete 
| 235|0x00000007eeb00000, 0x00000007eec00000, 0x00000007eec00000|100%| E|CS|TAMS 0x00000007eeb00000, 0x00000007eeb00000| Complete 
| 236|0x00000007eec00000, 0x00000007eed00000, 0x00000007eed00000|100%| E|CS|TAMS 0x00000007eec00000, 0x00000007eec00000| Complete 
| 237|0x00000007eed00000, 0x00000007eee00000, 0x00000007eee00000|100%| E|CS|TAMS 0x00000007eed00000, 0x00000007eed00000| Complete 
| 238|0x00000007eee00000, 0x00000007eef00000, 0x00000007eef00000|100%| E|CS|TAMS 0x00000007eee00000, 0x00000007eee00000| Complete 
| 239|0x00000007eef00000, 0x00000007ef000000, 0x00000007ef000000|100%| E|CS|TAMS 0x00000007eef00000, 0x00000007eef00000| Complete 
| 240|0x00000007ef000000, 0x00000007ef100000, 0x00000007ef100000|100%| E|CS|TAMS 0x00000007ef000000, 0x00000007ef000000| Complete 
| 241|0x00000007ef100000, 0x00000007ef200000, 0x00000007ef200000|100%| E|CS|TAMS 0x00000007ef100000, 0x00000007ef100000| Complete 
| 242|0x00000007ef200000, 0x00000007ef300000, 0x00000007ef300000|100%| E|CS|TAMS 0x00000007ef200000, 0x00000007ef200000| Complete 
| 243|0x00000007ef300000, 0x00000007ef400000, 0x00000007ef400000|100%| E|CS|TAMS 0x00000007ef300000, 0x00000007ef300000| Complete 
| 244|0x00000007ef400000, 0x00000007ef500000, 0x00000007ef500000|100%| E|CS|TAMS 0x00000007ef400000, 0x00000007ef400000| Complete 
| 245|0x00000007ef500000, 0x00000007ef600000, 0x00000007ef600000|100%| E|CS|TAMS 0x00000007ef500000, 0x00000007ef500000| Complete 
| 246|0x00000007ef600000, 0x00000007ef700000, 0x00000007ef700000|100%| E|CS|TAMS 0x00000007ef600000, 0x00000007ef600000| Complete 
| 247|0x00000007ef700000, 0x00000007ef800000, 0x00000007ef800000|100%| E|CS|TAMS 0x00000007ef700000, 0x00000007ef700000| Complete 
| 248|0x00000007ef800000, 0x00000007ef900000, 0x00000007ef900000|100%| E|CS|TAMS 0x00000007ef800000, 0x00000007ef800000| Complete 
| 249|0x00000007ef900000, 0x00000007efa00000, 0x00000007efa00000|100%| E|CS|TAMS 0x00000007ef900000, 0x00000007ef900000| Complete 
| 250|0x00000007efa00000, 0x00000007efb00000, 0x00000007efb00000|100%| E|CS|TAMS 0x00000007efa00000, 0x00000007efa00000| Complete 
| 251|0x00000007efb00000, 0x00000007efc00000, 0x00000007efc00000|100%| E|CS|TAMS 0x00000007efb00000, 0x00000007efb00000| Complete 
| 252|0x00000007efc00000, 0x00000007efd00000, 0x00000007efd00000|100%| E|CS|TAMS 0x00000007efc00000, 0x00000007efc00000| Complete 
| 253|0x00000007efd00000, 0x00000007efe00000, 0x00000007efe00000|100%| E|CS|TAMS 0x00000007efd00000, 0x00000007efd00000| Complete 
| 254|0x00000007efe00000, 0x00000007eff00000, 0x00000007eff00000|100%| E|CS|TAMS 0x00000007efe00000, 0x00000007efe00000| Complete 
| 255|0x00000007eff00000, 0x00000007f0000000, 0x00000007f0000000|100%| E|CS|TAMS 0x00000007eff00000, 0x00000007eff00000| Complete 

Card table byte_map: [0x000000010fbdf000,0x000000010fcdf000] _byte_map_base: 0x000000010bcdf000

Marking Bits (Prev, Next): (CMBitMap*) 0x00007fc7ac028a50, (CMBitMap*) 0x00007fc7ac028a10
 Prev Bits: [0x000000012a386000, 0x000000012ab86000)
 Next Bits: [0x0000000129b86000, 0x000000012a386000)

Polling page: 0x000000010f86f000

Metaspace:

Usage:
  Non-class:     52.98 MB used.
      Class:      8.35 MB used.
       Both:     61.34 MB used.

Virtual space:
  Non-class space:       64.00 MB reserved,      53.31 MB ( 83%) committed,  1 nodes.
      Class space:      320.00 MB reserved,       8.62 MB (  3%) committed,  1 nodes.
             Both:      384.00 MB reserved,      61.94 MB ( 16%) committed. 

Chunk freelists:
   Non-Class:  9.83 MB
       Class:  7.22 MB
        Both:  17.05 MB

MaxMetaspaceSize: 384.00 MB
CompressedClassSpaceSize: 320.00 MB
Initial GC threshold: 21.00 MB
Current GC threshold: 98.56 MB
CDS: off
MetaspaceReclaimPolicy: balanced
 - commit_granule_bytes: 65536.
 - commit_granule_words: 8192.
 - virtual_space_node_default_size: 8388608.
 - enlarge_chunks_in_place: 1.
 - new_chunks_are_fully_committed: 0.
 - uncommit_free_chunks: 1.
 - use_allocation_guard: 0.
 - handle_deallocations: 1.


Internal statistics:

num_allocs_failed_limit: 9.
num_arena_births: 642.
num_arena_deaths: 0.
num_vsnodes_births: 2.
num_vsnodes_deaths: 0.
num_space_committed: 991.
num_space_uncommitted: 0.
num_chunks_returned_to_freelist: 9.
num_chunks_taken_from_freelist: 2947.
num_chunk_merges: 9.
num_chunk_splits: 1891.
num_chunks_enlarged: 1219.
num_inconsistent_stats: 0.

CodeHeap 'non-profiled nmethods': size=120032Kb used=2686Kb max_used=2812Kb free=117345Kb
 bounds [0x000000012264e000, 0x000000012290e000, 0x0000000129b86000]
CodeHeap 'profiled nmethods': size=120028Kb used=11976Kb max_used=12356Kb free=108051Kb
 bounds [0x000000011ab86000, 0x000000011b7a6000, 0x00000001220bd000]
CodeHeap 'non-nmethods': size=5700Kb used=2313Kb max_used=2352Kb free=3386Kb
 bounds [0x00000001220bd000, 0x000000012232d000, 0x000000012264e000]
 total_blobs=7810 nmethods=6976 adapters=747
 compilation: enabled
              stopped_count=0, restarted_count=0
 full_count=0

Compilation events (20 events):
Event: 12.093 Thread 0x00007fc7ac0c9a00 6480       2       io.spring.gradle.dependencymanagement.org.codehaus.plexus.util.StringUtils::clean (14 bytes)
Event: 12.093 Thread 0x00007fc7ac0c9a00 nmethod 6480 0x000000011b772b10 code [0x000000011b772cc0, 0x000000011b772e70]
Event: 12.093 Thread 0x00007fc7ac0c9a00 6478       1       io.spring.gradle.dependencymanagement.org.apache.maven.model.Dependency::getScope (5 bytes)
Event: 12.093 Thread 0x00007fc7ac0c9a00 nmethod 6478 0x0000000122908790 code [0x0000000122908920, 0x00000001229089f0]
Event: 12.093 Thread 0x00007fc7ac0c9a00 6479       1       io.spring.gradle.dependencymanagement.org.apache.maven.model.Dependency::getVersion (5 bytes)
Event: 12.093 Thread 0x00007fc7ac0c9a00 nmethod 6479 0x0000000122908a90 code [0x0000000122908c20, 0x0000000122908cf0]
Event: 12.093 Thread 0x00007fc7ac0c9a00 6458       2       io.spring.gradle.dependencymanagement.org.codehaus.plexus.util.xml.pull.MXParser::nextTag (83 bytes)
Event: 12.094 Thread 0x00007fc7ac0c9a00 nmethod 6458 0x000000011b772f90 code [0x000000011b7731c0, 0x000000011b773660]
Event: 12.094 Thread 0x00007fc7ac0c9a00 6481       2       io.spring.gradle.dependencymanagement.org.apache.maven.model.validation.DefaultModelValidator::equals (12 bytes)
Event: 12.094 Thread 0x00007fc7ac0c9a00 nmethod 6481 0x000000011b773910 code [0x000000011b773ae0, 0x000000011b773c80]
Event: 12.094 Thread 0x00007fc7ac0c9a00 6482       2       io.spring.gradle.dependencymanagement.org.apache.maven.model.Dependency::getManagementKey (97 bytes)
Event: 12.095 Thread 0x00007fc7ac0c9a00 nmethod 6482 0x000000011b773e10 code [0x000000011b774060, 0x000000011b774550]
Event: 12.101 Thread 0x00007fc7ac0c9a00 6483   !   2       org.gradle.internal.classloader.VisitableURLClassLoader$InstrumentingVisitableURLClassLoader::findClass (36 bytes)
Event: 12.101 Thread 0x00007fc7ac0c9a00 nmethod 6483 0x000000011b774810 code [0x000000011b774a00, 0x000000011b774c80]
Event: 12.102 Thread 0x00007fc7ac0c9a00 6484       2       org.gradle.internal.classloader.TransformErrorHandler::enterClassLoadingScope (50 bytes)
Event: 12.102 Thread 0x00007fc7ac0c9a00 nmethod 6484 0x000000011b774f10 code [0x000000011b775140, 0x000000011b775550]
Event: 12.103 Thread 0x00007fc7ac0c9a00 6485       2       io.spring.gradle.dependencymanagement.org.apache.maven.model.io.xpp3.MavenXpp3ReaderEx::checkFieldWithDuplicate (75 bytes)
Event: 12.104 Thread 0x00007fc7ac0c9a00 nmethod 6485 0x000000011b775810 code [0x000000011b775a60, 0x000000011b775f90]
Event: 12.106 Thread 0x00007fc7ac0c9a00 6486       2       io.spring.gradle.dependencymanagement.org.codehaus.plexus.util.xml.pull.MXParser::getAttributeCount (15 bytes)
Event: 12.106 Thread 0x00007fc7ac0c9a00 nmethod 6486 0x000000011b776310 code [0x000000011b7764a0, 0x000000011b7765d0]

GC Heap History (16 events):
Event: 0.772 GC heap before
{Heap before GC invocations=0 (full 0):
 garbage-first heap   total 262144K, used 12288K [0x00000007e0000000, 0x0000000800000000)
  region size 1024K, 13 young (13312K), 0 survivors (0K)
 Metaspace       used 7286K, committed 7424K, reserved 393216K
  class space    used 627K, committed 704K, reserved 327680K
}
Event: 0.777 GC heap after
{Heap after GC invocations=1 (full 0):
 garbage-first heap   total 262144K, used 2318K [0x00000007e0000000, 0x0000000800000000)
  region size 1024K, 2 young (2048K), 2 survivors (2048K)
 Metaspace       used 7286K, committed 7424K, reserved 393216K
  class space    used 627K, committed 704K, reserved 327680K
}
Event: 1.398 GC heap before
{Heap before GC invocations=1 (full 0):
 garbage-first heap   total 262144K, used 22798K [0x00000007e0000000, 0x0000000800000000)
  region size 1024K, 19 young (19456K), 2 survivors (2048K)
 Metaspace       used 10785K, committed 10944K, reserved 393216K
  class space    used 1127K, committed 1216K, reserved 327680K
}
Event: 1.404 GC heap after
{Heap after GC invocations=2 (full 0):
 garbage-first heap   total 262144K, used 11049K [0x00000007e0000000, 0x0000000800000000)
  region size 1024K, 3 young (3072K), 3 survivors (3072K)
 Metaspace       used 10785K, committed 10944K, reserved 393216K
  class space    used 1127K, committed 1216K, reserved 327680K
}
Event: 1.727 GC heap before
{Heap before GC invocations=2 (full 0):
 garbage-first heap   total 262144K, used 34601K [0x00000007e0000000, 0x0000000800000000)
  region size 1024K, 25 young (25600K), 3 survivors (3072K)
 Metaspace       used 11044K, committed 11200K, reserved 393216K
  class space    used 1138K, committed 1216K, reserved 327680K
}
Event: 1.736 GC heap after
{Heap after GC invocations=3 (full 0):
 garbage-first heap   total 262144K, used 14630K [0x00000007e0000000, 0x0000000800000000)
  region size 1024K, 3 young (3072K), 3 survivors (3072K)
 Metaspace       used 11044K, committed 11200K, reserved 393216K
  class space    used 1138K, committed 1216K, reserved 327680K
}
Event: 3.169 GC heap before
{Heap before GC invocations=3 (full 0):
 garbage-first heap   total 262144K, used 60710K [0x00000007e0000000, 0x0000000800000000)
  region size 1024K, 49 young (50176K), 3 survivors (3072K)
 Metaspace       used 21238K, committed 21504K, reserved 393216K
  class space    used 2518K, committed 2688K, reserved 327680K
}
Event: 3.185 GC heap after
{Heap after GC invocations=4 (full 0):
 garbage-first heap   total 262144K, used 19914K [0x00000007e0000000, 0x0000000800000000)
  region size 1024K, 8 young (8192K), 8 survivors (8192K)
 Metaspace       used 21238K, committed 21504K, reserved 393216K
  class space    used 2518K, committed 2688K, reserved 327680K
}
Event: 4.529 GC heap before
{Heap before GC invocations=5 (full 0):
 garbage-first heap   total 262144K, used 75210K [0x00000007e0000000, 0x0000000800000000)
  region size 1024K, 62 young (63488K), 8 survivors (8192K)
 Metaspace       used 28534K, committed 28864K, reserved 393216K
  class space    used 3722K, committed 3840K, reserved 327680K
}
Event: 4.543 GC heap after
{Heap after GC invocations=6 (full 0):
 garbage-first heap   total 262144K, used 23082K [0x00000007e0000000, 0x0000000800000000)
  region size 1024K, 4 young (4096K), 4 survivors (4096K)
 Metaspace       used 28534K, committed 28864K, reserved 393216K
  class space    used 3722K, committed 3840K, reserved 327680K
}
Event: 5.592 GC heap before
{Heap before GC invocations=6 (full 0):
 garbage-first heap   total 262144K, used 78378K [0x00000007e0000000, 0x0000000800000000)
  region size 1024K, 60 young (61440K), 4 survivors (4096K)
 Metaspace       used 35640K, committed 35968K, reserved 393216K
  class space    used 4872K, committed 4992K, reserved 327680K
}
Event: 5.602 GC heap after
{Heap after GC invocations=7 (full 0):
 garbage-first heap   total 262144K, used 25155K [0x00000007e0000000, 0x0000000800000000)
  region size 1024K, 6 young (6144K), 6 survivors (6144K)
 Metaspace       used 35640K, committed 35968K, reserved 393216K
  class space    used 4872K, committed 4992K, reserved 327680K
}
Event: 8.484 GC heap before
{Heap before GC invocations=8 (full 0):
 garbage-first heap   total 262144K, used 181827K [0x00000007e0000000, 0x0000000800000000)
  region size 1024K, 153 young (156672K), 6 survivors (6144K)
 Metaspace       used 52746K, committed 53248K, reserved 393216K
  class space    used 7055K, committed 7296K, reserved 327680K
}
Event: 8.519 GC heap after
{Heap after GC invocations=9 (full 0):
 garbage-first heap   total 262144K, used 36384K [0x00000007e0000000, 0x0000000800000000)
  region size 1024K, 17 young (17408K), 17 survivors (17408K)
 Metaspace       used 52746K, committed 53248K, reserved 393216K
  class space    used 7055K, committed 7296K, reserved 327680K
}
Event: 11.549 GC heap before
{Heap before GC invocations=9 (full 0):
 garbage-first heap   total 262144K, used 146976K [0x00000007e0000000, 0x0000000800000000)
  region size 1024K, 126 young (129024K), 17 survivors (17408K)
 Metaspace       used 59701K, committed 60288K, reserved 393216K
  class space    used 8209K, committed 8512K, reserved 327680K
}
Event: 11.603 GC heap after
{Heap after GC invocations=10 (full 0):
 garbage-first heap   total 262144K, used 44566K [0x00000007e0000000, 0x0000000800000000)
  region size 1024K, 10 young (10240K), 10 survivors (10240K)
 Metaspace       used 59701K, committed 60288K, reserved 393216K
  class space    used 8209K, committed 8512K, reserved 327680K
}

Dll operation events (13 events):
Event: 0.045 Loaded shared library /Library/Java/JavaVirtualMachines/temurin-17.jdk/Contents/Home/lib/libjava.dylib
Event: 0.377 Loaded shared library /Library/Java/JavaVirtualMachines/temurin-17.jdk/Contents/Home/lib/libzip.dylib
Event: 0.383 Loaded shared library /Library/Java/JavaVirtualMachines/temurin-17.jdk/Contents/Home/lib/libinstrument.dylib
Event: 0.402 Loaded shared library /Library/Java/JavaVirtualMachines/temurin-17.jdk/Contents/Home/lib/libnio.dylib
Event: 0.425 Loaded shared library /Library/Java/JavaVirtualMachines/temurin-17.jdk/Contents/Home/lib/libzip.dylib
Event: 0.688 Loaded shared library /Library/Java/JavaVirtualMachines/temurin-17.jdk/Contents/Home/lib/libjimage.dylib
Event: 0.857 Loaded shared library /Library/Java/JavaVirtualMachines/temurin-17.jdk/Contents/Home/lib/libverify.dylib
Event: 1.098 Loaded shared library /Library/Java/JavaVirtualMachines/temurin-17.jdk/Contents/Home/lib/libnet.dylib
Event: 1.108 Loaded shared library /Users/dibe/.gradle/native/c067742578af261105cb4f569cf0c3c89f3d7b1fecec35dd04571415982c5e48/osx-amd64/libnative-platform.dylib
Event: 1.122 Loaded shared library /Users/dibe/.gradle/native/100fb08df4bc3b14c8652ba06237920a3bd2aa13389f12d3474272988ae205f9/osx-amd64/libnative-platform-file-events.dylib
Event: 2.154 Loaded shared library /Library/Java/JavaVirtualMachines/temurin-17.jdk/Contents/Home/lib/libmanagement.dylib
Event: 2.159 Loaded shared library /Library/Java/JavaVirtualMachines/temurin-17.jdk/Contents/Home/lib/libmanagement_ext.dylib
Event: 2.468 Loaded shared library /Library/Java/JavaVirtualMachines/temurin-17.jdk/Contents/Home/lib/libextnet.dylib

Deoptimization events (20 events):
Event: 12.043 Thread 0x00007fc7afcff600 DEOPT PACKING pc=0x00000001227d5b24 sp=0x000070000a59cc60
Event: 12.043 Thread 0x00007fc7afcff600 DEOPT UNPACKING pc=0x0000000122113699 sp=0x000070000a59cc20 mode 2
Event: 12.043 Thread 0x00007fc7afcff600 Uncommon trap: trap_request=0xffffffde fr.pc=0x00000001227d5b24 relative=0x0000000000000164
Event: 12.043 Thread 0x00007fc7afcff600 Uncommon trap: reason=class_check action=maybe_recompile pc=0x00000001227d5b24 method=java.util.regex.Pattern$BmpCharProperty.match(Ljava/util/regex/Matcher;ILjava/lang/CharSequence;)Z @ 14 c2
Event: 12.043 Thread 0x00007fc7afcff600 DEOPT PACKING pc=0x00000001227d5b24 sp=0x000070000a59ca20
Event: 12.043 Thread 0x00007fc7afcff600 DEOPT UNPACKING pc=0x0000000122113699 sp=0x000070000a59c9e0 mode 2
Event: 12.043 Thread 0x00007fc7afcff600 Uncommon trap: trap_request=0xffffffde fr.pc=0x00000001227d5b24 relative=0x0000000000000164
Event: 12.043 Thread 0x00007fc7afcff600 Uncommon trap: reason=class_check action=maybe_recompile pc=0x00000001227d5b24 method=java.util.regex.Pattern$BmpCharProperty.match(Ljava/util/regex/Matcher;ILjava/lang/CharSequence;)Z @ 14 c2
Event: 12.043 Thread 0x00007fc7afcff600 DEOPT PACKING pc=0x00000001227d5b24 sp=0x000070000a59c870
Event: 12.043 Thread 0x00007fc7afcff600 DEOPT UNPACKING pc=0x0000000122113699 sp=0x000070000a59c830 mode 2
Event: 12.095 Thread 0x00007fc7afcff600 Uncommon trap: trap_request=0xffffffde fr.pc=0x00000001227f5638 relative=0x0000000000000218
Event: 12.095 Thread 0x00007fc7afcff600 Uncommon trap: reason=class_check action=maybe_recompile pc=0x00000001227f5638 method=java.util.regex.Matcher.getTextLength()I @ 4 c2
Event: 12.095 Thread 0x00007fc7afcff600 DEOPT PACKING pc=0x00000001227f5638 sp=0x000070000a59ce70
Event: 12.095 Thread 0x00007fc7afcff600 DEOPT UNPACKING pc=0x0000000122113699 sp=0x000070000a59cdb8 mode 2
Event: 12.095 Thread 0x00007fc7afcff600 Uncommon trap: trap_request=0xffffffde fr.pc=0x00000001227d5b24 relative=0x0000000000000164
Event: 12.095 Thread 0x00007fc7afcff600 Uncommon trap: reason=class_check action=maybe_recompile pc=0x00000001227d5b24 method=java.util.regex.Pattern$BmpCharProperty.match(Ljava/util/regex/Matcher;ILjava/lang/CharSequence;)Z @ 14 c2
Event: 12.095 Thread 0x00007fc7afcff600 DEOPT PACKING pc=0x00000001227d5b24 sp=0x000070000a59cc00
Event: 12.095 Thread 0x00007fc7afcff600 DEOPT UNPACKING pc=0x0000000122113699 sp=0x000070000a59cbc0 mode 2
Event: 12.099 Thread 0x00007fc7afcff600 DEOPT PACKING pc=0x000000011b730e93 sp=0x000070000a5991b0
Event: 12.099 Thread 0x00007fc7afcff600 DEOPT UNPACKING pc=0x0000000122113e2f sp=0x000070000a598668 mode 0

Classes unloaded (0 events):
No events

Classes redefined (0 events):
No events

Internal exceptions (20 events):
Event: 11.498 Thread 0x00007fc7ac76e000 Implicit null exception at 0x0000000122846b35 to 0x0000000122846f20
Event: 11.500 Thread 0x00007fc7ac76e000 Exception <a 'java/lang/ClassNotFoundException'{0x00000007e9735250}: ijresolvers1_3pmgwpdxr9vehfanmzzt5s29m$1BeanInfo> (0x00000007e9735250) 
thrown [src/hotspot/share/classfile/systemDictionary.cpp, line 256]
Event: 11.501 Thread 0x00007fc7ac76e000 Exception <a 'java/lang/ClassNotFoundException'{0x00000007e973c5d8}: ijresolvers1_3pmgwpdxr9vehfanmzzt5s29m$1Customizer> (0x00000007e973c5d8) 
thrown [src/hotspot/share/classfile/systemDictionary.cpp, line 256]
Event: 11.506 Thread 0x00007fc7ac76e000 Exception <a 'java/lang/ClassNotFoundException'{0x00000007e9656878}: java/util/ArrayListBeanInfo> (0x00000007e9656878) 
thrown [src/hotspot/share/classfile/systemDictionary.cpp, line 256]
Event: 11.506 Thread 0x00007fc7ac76e000 Exception <a 'java/lang/ClassNotFoundException'{0x00000007e965c6b0}: java/util/AbstractListBeanInfo> (0x00000007e965c6b0) 
thrown [src/hotspot/share/classfile/systemDictionary.cpp, line 256]
Event: 11.506 Thread 0x00007fc7ac76e000 Exception <a 'java/lang/ClassNotFoundException'{0x00000007e9662510}: java/util/AbstractListCustomizer> (0x00000007e9662510) 
thrown [src/hotspot/share/classfile/systemDictionary.cpp, line 256]
Event: 11.507 Thread 0x00007fc7ac76e000 Exception <a 'java/lang/ClassNotFoundException'{0x00000007e96733c0}: java/util/ArrayListCustomizer> (0x00000007e96733c0) 
thrown [src/hotspot/share/classfile/systemDictionary.cpp, line 256]
Event: 11.606 Thread 0x00007fc7afcff600 Exception <a 'java/lang/NoSuchMethodError'{0x00000007eff3d928}: 'void java.lang.invoke.DirectMethodHandle$Holder.invokeSpecial(java.lang.Object, java.lang.Object, java.lang.Object, java.lang.Object, int, java.lang.Object, java.lang.Object)'> (0x00000007eff3d928) 
thrown [src/hotspot/share/interpreter/linkResolver.cpp, line 759]
Event: 11.624 Thread 0x00007fc7afcff600 Exception <a 'java/lang/NoSuchMethodError'{0x00000007efe51dd0}: 'void java.lang.invoke.DirectMethodHandle$Holder.invokeInterface(java.lang.Object, java.lang.Object, java.lang.Object, java.lang.Object)'> (0x00000007efe51dd0) 
thrown [src/hotspot/share/interpreter/linkResolver.cpp, line 759]
Event: 11.685 Thread 0x00007fc7ab34f600 Exception <a 'java/lang/NoSuchMethodError'{0x00000007efcf7b50}: static Lorg/gradle/internal/build/event/types/DefaultTaskStartedProgressEvent;.<clinit>()V> (0x00000007efcf7b50) 
thrown [src/hotspot/share/prims/jni.cpp, line 1107]
Event: 11.686 Thread 0x00007fc7ab34f600 Exception <a 'java/lang/NoSuchMethodError'{0x00000007efcf9bb8}: static Lorg/gradle/internal/build/event/types/AbstractProgressEvent;.<clinit>()V> (0x00000007efcf9bb8) 
thrown [src/hotspot/share/prims/jni.cpp, line 1107]
Event: 11.687 Thread 0x00007fc7ab34f600 Exception <a 'java/lang/NoSuchMethodError'{0x00000007efb4aa18}: static Lorg/gradle/internal/build/event/types/DefaultTaskDescriptor;.<clinit>()V> (0x00000007efb4aa18) 
thrown [src/hotspot/share/prims/jni.cpp, line 1107]
Event: 11.691 Thread 0x00007fc7afcff600 Exception <a 'sun/nio/fs/UnixException'{0x00000007efb6f3a8}> (0x00000007efb6f3a8) 
thrown [src/hotspot/share/prims/jni.cpp, line 516]
Event: 11.692 Thread 0x00007fc7ab34f600 Exception <a 'java/lang/NoSuchMethodError'{0x00000007efbb6558}: static Lorg/gradle/internal/operations/OperationIdentifier;.<clinit>()V> (0x00000007efbb6558) 
thrown [src/hotspot/share/prims/jni.cpp, line 1107]
Event: 11.693 Thread 0x00007fc7afcff600 Exception <a 'sun/nio/fs/UnixException'{0x00000007efb71508}> (0x00000007efb71508) 
thrown [src/hotspot/share/prims/jni.cpp, line 516]
Event: 11.693 Thread 0x00007fc7ab34f600 Exception <a 'java/lang/NoSuchMethodError'{0x00000007efbbff38}: static Lorg/gradle/internal/build/event/types/DefaultBinaryPluginIdentifier;.<clinit>()V> (0x00000007efbbff38) 
thrown [src/hotspot/share/prims/jni.cpp, line 1107]
Event: 11.694 Thread 0x00007fc7afcff600 Exception <a 'sun/nio/fs/UnixException'{0x00000007efb733b8}> (0x00000007efb733b8) 
thrown [src/hotspot/share/prims/jni.cpp, line 516]
Event: 11.695 Thread 0x00007fc7afcff600 Exception <a 'sun/nio/fs/UnixException'{0x00000007efb75008}> (0x00000007efb75008) 
thrown [src/hotspot/share/prims/jni.cpp, line 516]
Event: 11.870 Thread 0x00007fc7afcff600 Exception <a 'java/lang/IncompatibleClassChangeError'{0x00000007ef960428}: Found class java.lang.Object, but interface was expected> (0x00000007ef960428) 
thrown [src/hotspot/share/interpreter/linkResolver.cpp, line 826]
Event: 11.872 Thread 0x00007fc7afcff600 Exception <a 'java/lang/NoSuchMethodError'{0x00000007ef971258}: static Ljava/lang/Object;.<clinit>()V> (0x00000007ef971258) 
thrown [src/hotspot/share/prims/jni.cpp, line 1107]

VM Operations (20 events):
Event: 9.665 Executing VM operation: HandshakeAllThreads
Event: 9.665 Executing VM operation: HandshakeAllThreads done
Event: 9.856 Executing VM operation: ICBufferFull
Event: 9.856 Executing VM operation: ICBufferFull done
Event: 10.861 Executing VM operation: Cleanup
Event: 10.861 Executing VM operation: Cleanup done
Event: 11.511 Executing VM operation: ICBufferFull
Event: 11.511 Executing VM operation: ICBufferFull done
Event: 11.549 Executing VM operation: CollectForMetadataAllocation
Event: 11.603 Executing VM operation: CollectForMetadataAllocation done
Event: 11.620 Executing VM operation: HandshakeAllThreads
Event: 11.620 Executing VM operation: HandshakeAllThreads done
Event: 11.649 Executing VM operation: G1PauseRemark
Event: 11.653 Executing VM operation: G1PauseRemark done
Event: 11.674 Executing VM operation: HandshakeAllThreads
Event: 11.674 Executing VM operation: HandshakeAllThreads done
Event: 11.685 Executing VM operation: G1PauseCleanup
Event: 11.685 Executing VM operation: G1PauseCleanup done
Event: 11.863 Executing VM operation: HandshakeAllThreads
Event: 11.864 Executing VM operation: HandshakeAllThreads done

Events (20 events):
Event: 11.685 loading class java/io/ObjectStreamClass$MemberSignature
Event: 11.685 loading class java/io/ObjectStreamClass$MemberSignature done
Event: 11.685 loading class java/io/ObjectStreamClass$3
Event: 11.685 loading class java/io/ObjectStreamClass$3 done
Event: 11.685 loading class java/io/ObjectStreamClass$4
Event: 11.685 loading class java/io/ObjectStreamClass$4 done
Event: 11.686 loading class java/io/ObjectStreamClass$5
Event: 11.686 loading class java/io/ObjectStreamClass$5 done
Event: 11.686 loading class java/io/ObjectStreamClass$ClassDataSlot
Event: 11.686 loading class java/io/ObjectStreamClass$ClassDataSlot done
Event: 11.688 loading class jdk/internal/reflect/UnsafeQualifiedStaticLongFieldAccessorImpl
Event: 11.689 loading class jdk/internal/reflect/UnsafeQualifiedStaticLongFieldAccessorImpl done
Event: 11.690 loading class java/io/SerialCallbackContext
Event: 11.690 loading class java/io/SerialCallbackContext done
Event: 11.871 loading class java/util/concurrent/ConcurrentSkipListMap$KeySet
Event: 11.871 loading class java/util/concurrent/ConcurrentSkipListMap$KeySet done
Event: 11.871 loading class java/util/concurrent/ConcurrentSkipListMap$KeyIterator
Event: 11.871 loading class java/util/concurrent/ConcurrentSkipListMap$KeyIterator done
Event: 12.041 loading class java/text/MessageFormat
Event: 12.042 loading class java/text/MessageFormat done


Dynamic libraries:
0x000000010f825000 	/Library/Java/JavaVirtualMachines/temurin-17.jdk/Contents/Home/lib/libjli.dylib
0x00007fff3549e000 	/System/Library/Frameworks/Cocoa.framework/Versions/A/Cocoa
0x00007fff227c4000 	/System/Library/Frameworks/Security.framework/Versions/A/Security
0x00007fff336a1000 	/System/Library/Frameworks/ApplicationServices.framework/Versions/A/ApplicationServices
0x00007fff2ab10000 	/usr/lib/libSystem.B.dylib
0x00007fff209ab000 	/System/Library/Frameworks/CoreFoundation.framework/Versions/A/CoreFoundation
0x00007fff2175c000 	/System/Library/Frameworks/Foundation.framework/Versions/C/Foundation
0x00007fff207cb000 	/usr/lib/libobjc.A.dylib
0x00007fff231f5000 	/System/Library/Frameworks/AppKit.framework/Versions/C/AppKit
0x00007fff260b9000 	/System/Library/Frameworks/CoreData.framework/Versions/A/CoreData
0x00007fff23f41000 	/System/Library/PrivateFrameworks/UIFoundation.framework/Versions/A/UIFoundation
0x00007fff30147000 	/System/Library/PrivateFrameworks/RemoteViewServices.framework/Versions/A/RemoteViewServices
0x00007fff28f53000 	/System/Library/PrivateFrameworks/XCTTargetBootstrap.framework/Versions/A/XCTTargetBootstrap
0x00007fff2bc3c000 	/usr/lib/libspindump.dylib
0x00007fff24190000 	/System/Library/Frameworks/UniformTypeIdentifiers.framework/Versions/A/UniformTypeIdentifiers
0x00007fff27757000 	/usr/lib/libapp_launch_measurement.dylib
0x00007fff2775a000 	/System/Library/PrivateFrameworks/CoreAutoLayout.framework/Versions/A/CoreAutoLayout
0x00007fff288ba000 	/System/Library/Frameworks/Metal.framework/Versions/A/Metal
0x00007fff295b1000 	/usr/lib/liblangid.dylib
0x00007fff28f57000 	/System/Library/PrivateFrameworks/CoreSVG.framework/Versions/A/CoreSVG
0x00007fff251cf000 	/System/Library/PrivateFrameworks/SkyLight.framework/Versions/A/SkyLight
0x00007fff25535000 	/System/Library/Frameworks/CoreGraphics.framework/Versions/A/CoreGraphics
0x00007fff3066e000 	/System/Library/Frameworks/Accelerate.framework/Versions/A/Accelerate
0x00007fff2b67a000 	/System/Library/PrivateFrameworks/IconServices.framework/Versions/A/IconServices
0x00007fff2889e000 	/System/Library/Frameworks/IOSurface.framework/Versions/A/IOSurface
0x00007fff26a42000 	/usr/lib/libDiagnosticMessagesClient.dylib
0x00007fff2aa48000 	/usr/lib/libz.1.dylib
0x00007fff28f3f000 	/System/Library/PrivateFrameworks/DFRFoundation.framework/Versions/A/DFRFoundation
0x00007fff22b1c000 	/usr/lib/libicucore.A.dylib
0x00007fff2d181000 	/System/Library/Frameworks/AudioToolbox.framework/Versions/A/AudioToolbox
0x00007fff2c409000 	/System/Library/PrivateFrameworks/DataDetectorsCore.framework/Versions/A/DataDetectorsCore
0x00007fff25142000 	/usr/lib/libMobileGestalt.dylib
0x00007fff28c43000 	/System/Library/Frameworks/Carbon.framework/Versions/A/Frameworks/HIToolbox.framework/Versions/A/HIToolbox
0x00007fff2719c000 	/System/Library/Frameworks/QuartzCore.framework/Versions/A/QuartzCore
0x00007fff3017f000 	/System/Library/Frameworks/Carbon.framework/Versions/A/Frameworks/SpeechRecognition.framework/Versions/A/SpeechRecognition
0x00007fff274bc000 	/System/Library/PrivateFrameworks/CoreUI.framework/Versions/A/CoreUI
0x00007fff22132000 	/System/Library/Frameworks/CoreAudio.framework/Versions/A/CoreAudio
0x00007fff26b2d000 	/System/Library/Frameworks/DiskArbitration.framework/Versions/A/DiskArbitration
0x00007fff2c00a000 	/System/Library/PrivateFrameworks/MultitouchSupport.framework/Versions/A/MultitouchSupport
0x00007fff2c400000 	/System/Library/PrivateFrameworks/InternationalSupport.framework/Versions/A/InternationalSupport
0x00007fff25141000 	/usr/lib/libenergytrace.dylib
0x00007fff230ec000 	/System/Library/Frameworks/IOKit.framework/Versions/A/IOKit
0x00007fff304b2000 	/System/Library/Frameworks/CoreServices.framework/Versions/A/CoreServices
0x00007fff276e9000 	/System/Library/PrivateFrameworks/PerformanceAnalysis.framework/Versions/A/PerformanceAnalysis
0x00007fff6be4b000 	/System/Library/Frameworks/OpenGL.framework/Versions/A/OpenGL
0x00007fff2c484000 	/System/Library/PrivateFrameworks/UserActivity.framework/Versions/A/UserActivity
0x00007fff25bbf000 	/System/Library/Frameworks/ColorSync.framework/Versions/A/ColorSync
0x00007fff291bf000 	/System/Library/Frameworks/CoreImage.framework/Versions/A/CoreImage
0x00007fff21f4c000 	/System/Library/Frameworks/CoreText.framework/Versions/A/CoreText
0x00007fff28f81000 	/System/Library/Frameworks/ImageIO.framework/Versions/A/ImageIO
0x00007fff2ab16000 	/System/Library/PrivateFrameworks/SoftLinking.framework/Versions/A/SoftLinking
0x00007fff277a2000 	/usr/lib/libxml2.2.dylib
0x00007fff20891000 	/usr/lib/libc++.1.dylib
0x00007fff2ad88000 	/usr/lib/libcompression.dylib
0x00007fff2c332000 	/System/Library/PrivateFrameworks/TextureIO.framework/Versions/A/TextureIO
0x00007fff2b3b8000 	/usr/lib/libate.dylib
0x00007fff2ab0a000 	/usr/lib/system/libcache.dylib
0x00007fff2aac6000 	/usr/lib/system/libcommonCrypto.dylib
0x00007fff2aaf0000 	/usr/lib/system/libcompiler_rt.dylib
0x00007fff2aae5000 	/usr/lib/system/libcopyfile.dylib
0x00007fff206bb000 	/usr/lib/system/libcorecrypto.dylib
0x00007fff20786000 	/usr/lib/system/libdispatch.dylib
0x00007fff20939000 	/usr/lib/system/libdyld.dylib
0x00007fff2ab01000 	/usr/lib/system/libkeymgr.dylib
0x00007fff2df18000 	/usr/lib/system/liblaunch.dylib
0x00007fff2aaa4000 	/usr/lib/system/libmacho.dylib
0x00007fff2a29c000 	/usr/lib/system/libquarantine.dylib
0x00007fff2aafe000 	/usr/lib/system/libremovefile.dylib
0x00007fff2519f000 	/usr/lib/system/libsystem_asl.dylib
0x00007fff2066b000 	/usr/lib/system/libsystem_blocks.dylib
0x00007fff20808000 	/usr/lib/system/libsystem_c.dylib
0x00007fff2aaf8000 	/usr/lib/system/libsystem_collections.dylib
0x00007fff295a2000 	/usr/lib/system/libsystem_configuration.dylib
0x00007fff2888d000 	/usr/lib/system/libsystem_containermanager.dylib
0x00007fff2a847000 	/usr/lib/system/libsystem_coreservices.dylib
0x00007fff22d7c000 	/usr/lib/system/libsystem_darwin.dylib
0x00007fff2ab02000 	/usr/lib/system/libsystem_dnssd.dylib
0x00007fff20805000 	/usr/lib/system/libsystem_featureflags.dylib
0x00007fff2097f000 	/usr/lib/system/libsystem_info.dylib
0x00007fff2aa5b000 	/usr/lib/system/libsystem_m.dylib
0x00007fff20759000 	/usr/lib/system/libsystem_malloc.dylib
0x00007fff25132000 	/usr/lib/system/libsystem_networkextension.dylib
0x00007fff2319b000 	/usr/lib/system/libsystem_notify.dylib
0x00007fff303b4000 	/usr/lib/system/libsystem_product_info_filter.dylib
0x00007fff295a6000 	/usr/lib/system/libsystem_sandbox.dylib
0x00007fff2aafb000 	/usr/lib/system/libsystem_secinit.dylib
0x00007fff208fd000 	/usr/lib/system/libsystem_kernel.dylib
0x00007fff20975000 	/usr/lib/system/libsystem_platform.dylib
0x00007fff2092d000 	/usr/lib/system/libsystem_pthread.dylib
0x00007fff2687e000 	/usr/lib/system/libsystem_symptoms.dylib
0x00007fff206a3000 	/usr/lib/system/libsystem_trace.dylib
0x00007fff2aad2000 	/usr/lib/system/libunwind.dylib
0x00007fff2066d000 	/usr/lib/system/libxpc.dylib
0x00007fff208e7000 	/usr/lib/libc++abi.dylib
0x00007fff2aadd000 	/usr/lib/liboah.dylib
0x00007fff2b19c000 	/usr/lib/liblzma.5.dylib
0x00007fff21470000 	/System/Library/Frameworks/SystemConfiguration.framework/Versions/A/SystemConfiguration
0x00007fff2ab12000 	/usr/lib/libfakelink.dylib
0x00007fff24c94000 	/System/Library/Frameworks/CFNetwork.framework/Versions/A/CFNetwork
0x00007fff2ac52000 	/usr/lib/libarchive.2.dylib
0x00007fff214ee000 	/usr/lib/libCRFSuite.dylib
0x00007fff2a2c3000 	/usr/lib/libbsm.0.dylib
0x00007fff2460d000 	/usr/lib/libnetwork.dylib
0x00007fff2ab17000 	/usr/lib/libpcap.A.dylib
0x00007fff26877000 	/usr/lib/libdns_services.dylib
0x00007fff2b1b5000 	/usr/lib/libcoretls_cfhelpers.dylib
0x00007fff2ad51000 	/usr/lib/libapple_nghttp2.dylib
0x00007fff2aaaa000 	/usr/lib/system/libkxld.dylib
0x00007fff264ef000 	/usr/lib/libsqlite3.dylib
0x00007fff2a82a000 	/System/Library/PrivateFrameworks/AppleFSCompression.framework/Versions/A/AppleFSCompression
0x00007fff2a2ab000 	/usr/lib/libcoretls.dylib
0x00007fff2ad82000 	/usr/lib/libpam.2.dylib
0x00007fff2b2b3000 	/usr/lib/libxar.1.dylib
0x00007fff295ad000 	/System/Library/PrivateFrameworks/AppleSystemInfo.framework/Versions/A/AppleSystemInfo
0x00007fff29eed000 	/System/Library/PrivateFrameworks/IOMobileFramebuffer.framework/Versions/A/IOMobileFramebuffer
0x00007fff2a83a000 	/usr/lib/libbz2.1.0.dylib
0x00007fff2ab4f000 	/usr/lib/libiconv.2.dylib
0x00007fff2aaa3000 	/usr/lib/libcharset.1.dylib
0x00007fff27725000 	/System/Library/Frameworks/CoreServices.framework/Versions/A/Frameworks/FSEvents.framework/Versions/A/FSEvents
0x00007fff22d86000 	/System/Library/Frameworks/CoreServices.framework/Versions/A/Frameworks/CarbonCore.framework/Versions/A/CarbonCore
0x00007fff26a92000 	/System/Library/Frameworks/CoreServices.framework/Versions/A/Frameworks/Metadata.framework/Versions/A/Metadata
0x00007fff2a84c000 	/System/Library/Frameworks/CoreServices.framework/Versions/A/Frameworks/OSServices.framework/Versions/A/OSServices
0x00007fff2acc4000 	/System/Library/Frameworks/CoreServices.framework/Versions/A/Frameworks/SearchKit.framework/Versions/A/SearchKit
0x00007fff26802000 	/System/Library/Frameworks/CoreServices.framework/Versions/A/Frameworks/AE.framework/Versions/A/AE
0x00007fff20e49000 	/System/Library/Frameworks/CoreServices.framework/Versions/A/Frameworks/LaunchServices.framework/Versions/A/LaunchServices
0x00007fff2b14c000 	/System/Library/Frameworks/CoreServices.framework/Versions/A/Frameworks/DictionaryServices.framework/Versions/A/DictionaryServices
0x00007fff27732000 	/System/Library/Frameworks/CoreServices.framework/Versions/A/Frameworks/SharedFileList.framework/Versions/A/SharedFileList
0x00007fff2a29f000 	/usr/lib/libCheckFix.dylib
0x00007fff251b6000 	/System/Library/PrivateFrameworks/TCC.framework/Versions/A/TCC
0x00007fff295b3000 	/System/Library/PrivateFrameworks/CoreNLP.framework/Versions/A/CoreNLP
0x00007fff26a45000 	/System/Library/PrivateFrameworks/MetadataUtilities.framework/Versions/A/MetadataUtilities
0x00007fff21523000 	/usr/lib/libmecabra.dylib
0x00007fff2a5a9000 	/System/Library/Frameworks/MLCompute.framework/Versions/A/MLCompute
0x00007fff2a2d4000 	/usr/lib/libmecab.dylib
0x00007fff2a31e000 	/usr/lib/libgermantok.dylib
0x00007fff2ad2c000 	/usr/lib/libThaiTokenizer.dylib
0x00007fff2b2ef000 	/usr/lib/libChineseTokenizer.dylib
0x00007fff2ad80000 	/System/Library/Frameworks/MetalPerformanceShaders.framework/Versions/A/MetalPerformanceShaders
0x00007fff26b34000 	/System/Library/Frameworks/Accelerate.framework/Versions/A/Frameworks/vImage.framework/Versions/A/vImage
0x00007fff3048c000 	/System/Library/Frameworks/Accelerate.framework/Versions/A/Frameworks/vecLib.framework/Versions/A/vecLib
0x00007fff2b2fa000 	/System/Library/Frameworks/Accelerate.framework/Versions/A/Frameworks/vecLib.framework/Versions/A/libvMisc.dylib
0x00007fff29d08000 	/System/Library/Frameworks/Accelerate.framework/Versions/A/Frameworks/vecLib.framework/Versions/A/libvDSP.dylib
0x00007fff21156000 	/System/Library/Frameworks/Accelerate.framework/Versions/A/Frameworks/vecLib.framework/Versions/A/libBLAS.dylib
0x00007fff2adae000 	/System/Library/Frameworks/Accelerate.framework/Versions/A/Frameworks/vecLib.framework/Versions/A/libLAPACK.dylib
0x00007fff2a324000 	/System/Library/Frameworks/Accelerate.framework/Versions/A/Frameworks/vecLib.framework/Versions/A/libLinearAlgebra.dylib
0x00007fff2ad69000 	/System/Library/Frameworks/Accelerate.framework/Versions/A/Frameworks/vecLib.framework/Versions/A/libSparseBLAS.dylib
0x00007fff2ada8000 	/System/Library/Frameworks/Accelerate.framework/Versions/A/Frameworks/vecLib.framework/Versions/A/libQuadrature.dylib
0x00007fff2965f000 	/System/Library/Frameworks/Accelerate.framework/Versions/A/Frameworks/vecLib.framework/Versions/A/libBNNS.dylib
0x00007fff21401000 	/System/Library/Frameworks/Accelerate.framework/Versions/A/Frameworks/vecLib.framework/Versions/A/libSparse.dylib
0x00007fff2953b000 	/System/Library/Frameworks/MetalPerformanceShaders.framework/Versions/A/Frameworks/MPSCore.framework/Versions/A/MPSCore
0x00007fff2a799000 	/System/Library/Frameworks/MetalPerformanceShaders.framework/Versions/A/Frameworks/MPSImage.framework/Versions/A/MPSImage
0x00007fff2a33a000 	/System/Library/Frameworks/MetalPerformanceShaders.framework/Versions/A/Frameworks/MPSNeuralNetwork.framework/Versions/A/MPSNeuralNetwork
0x00007fff2a70b000 	/System/Library/Frameworks/MetalPerformanceShaders.framework/Versions/A/Frameworks/MPSMatrix.framework/Versions/A/MPSMatrix
0x00007fff2a559000 	/System/Library/Frameworks/MetalPerformanceShaders.framework/Versions/A/Frameworks/MPSRayIntersector.framework/Versions/A/MPSRayIntersector
0x00007fff2a742000 	/System/Library/Frameworks/MetalPerformanceShaders.framework/Versions/A/Frameworks/MPSNDArray.framework/Versions/A/MPSNDArray
0x00007fff21081000 	/System/Library/PrivateFrameworks/MetalTools.framework/Versions/A/MetalTools
0x00007fff295ab000 	/System/Library/PrivateFrameworks/AggregateDictionary.framework/Versions/A/AggregateDictionary
0x00007fff26a12000 	/System/Library/PrivateFrameworks/CoreAnalytics.framework/Versions/A/CoreAnalytics
0x00007fff2ad2e000 	/System/Library/PrivateFrameworks/AppleSauce.framework/Versions/A/AppleSauce
0x00007fff288b0000 	/System/Library/PrivateFrameworks/IOAccelerator.framework/Versions/A/IOAccelerator
0x00007fff6be3f000 	/System/Library/Frameworks/OpenGL.framework/Versions/A/Libraries/libCoreFSCache.dylib
0x00007fff21abb000 	/System/Library/PrivateFrameworks/LanguageModeling.framework/Versions/A/LanguageModeling
0x00007fff29edb000 	/System/Library/PrivateFrameworks/CoreEmoji.framework/Versions/A/CoreEmoji
0x00007fff29658000 	/System/Library/PrivateFrameworks/LinguisticData.framework/Versions/A/LinguisticData
0x00007fff213b3000 	/System/Library/PrivateFrameworks/Lexicon.framework/Versions/A/Lexicon
0x00007fff2ac40000 	/usr/lib/libcmph.dylib
0x00007fff27705000 	/System/Library/Frameworks/OpenDirectory.framework/Versions/A/Frameworks/CFOpenDirectory.framework/Versions/A/CFOpenDirectory
0x00007fff276f5000 	/System/Library/Frameworks/OpenDirectory.framework/Versions/A/OpenDirectory
0x00007fff2b1b7000 	/System/Library/PrivateFrameworks/APFS.framework/Versions/A/APFS
0x00007fff2a201000 	/System/Library/Frameworks/SecurityFoundation.framework/Versions/A/SecurityFoundation
0x00007fff2b2c2000 	/usr/lib/libutil.dylib
0x00007fff230b1000 	/System/Library/PrivateFrameworks/CoreServicesStore.framework/Versions/A/CoreServicesStore
0x00007fff2a297000 	/System/Library/Frameworks/ServiceManagement.framework/Versions/A/ServiceManagement
0x00007fff2b2c6000 	/usr/lib/libxslt.1.dylib
0x00007fff2a28d000 	/System/Library/PrivateFrameworks/BackgroundTaskManagement.framework/Versions/A/BackgroundTaskManagement
0x00007fff2c27c000 	/System/Library/Frameworks/ImageIO.framework/Versions/A/Resources/libRadiance.dylib
0x00007fff2c286000 	/System/Library/Frameworks/ImageIO.framework/Versions/A/Resources/libJPEG.dylib
0x00007fff2c1d4000 	/System/Library/Frameworks/ImageIO.framework/Versions/A/Resources/libPng.dylib
0x00007fff2c1f5000 	/System/Library/Frameworks/ImageIO.framework/Versions/A/Resources/libTIFF.dylib
0x00007fff2c2db000 	/System/Library/Frameworks/ImageIO.framework/Versions/A/Resources/libGIF.dylib
0x00007fff2bf26000 	/System/Library/Frameworks/ImageIO.framework/Versions/A/Resources/libJP2.dylib
0x00007fff2b641000 	/usr/lib/libexpat.1.dylib
0x00007fff2bedc000 	/System/Library/PrivateFrameworks/AppleJPEG.framework/Versions/A/AppleJPEG
0x00007fff28ae6000 	/System/Library/PrivateFrameworks/FontServices.framework/libFontParser.dylib
0x00007fff267b9000 	/System/Library/PrivateFrameworks/RunningBoardServices.framework/Versions/A/RunningBoardServices
0x00007fff2c006000 	/System/Library/PrivateFrameworks/WatchdogClient.framework/Versions/A/WatchdogClient
0x00007fff21ba4000 	/System/Library/Frameworks/CoreDisplay.framework/Versions/A/CoreDisplay
0x00007fff289fb000 	/System/Library/Frameworks/CoreMedia.framework/Versions/A/CoreMedia
0x00007fff27885000 	/System/Library/Frameworks/CoreVideo.framework/Versions/A/CoreVideo
0x00007fff2c041000 	/System/Library/Frameworks/VideoToolbox.framework/Versions/A/VideoToolbox
0x00007fff26739000 	/System/Library/PrivateFrameworks/BaseBoard.framework/Versions/A/BaseBoard
0x00007fff2b786000 	/System/Library/PrivateFrameworks/PersistentConnection.framework/Versions/A/PersistentConnection
0x00007fff264d9000 	/System/Library/PrivateFrameworks/ProtocolBuffer.framework/Versions/A/ProtocolBuffer
0x00007fff26721000 	/System/Library/PrivateFrameworks/CommonUtilities.framework/Versions/A/CommonUtilities
0x00007fff2be9f000 	/System/Library/PrivateFrameworks/Bom.framework/Versions/A/Bom
0x00007fff2c274000 	/System/Library/PrivateFrameworks/GPUWrangler.framework/Versions/A/GPUWrangler
0x00007fff2c257000 	/System/Library/PrivateFrameworks/IOPresentment.framework/Versions/A/IOPresentment
0x00007fff2c280000 	/System/Library/PrivateFrameworks/DSExternalDisplay.framework/Versions/A/DSExternalDisplay
0x00007fff2c2e0000 	/System/Library/PrivateFrameworks/CMCaptureCore.framework/Versions/A/CMCaptureCore
0x00007fff2bc22000 	/System/Library/PrivateFrameworks/AppServerSupport.framework/Versions/A/AppServerSupport
0x00007fff2dcbb000 	/System/Library/PrivateFrameworks/perfdata.framework/Versions/A/perfdata
0x00007fff2a1f0000 	/System/Library/PrivateFrameworks/AssertionServices.framework/Versions/A/AssertionServices
0x00007fff21cdb000 	/System/Library/PrivateFrameworks/AudioToolboxCore.framework/Versions/A/AudioToolboxCore
0x00007fff289de000 	/System/Library/PrivateFrameworks/caulk.framework/Versions/A/caulk
0x00007fff3d180000 	/System/Library/PrivateFrameworks/SystemPolicy.framework/Versions/A/SystemPolicy
0x00007fff2b450000 	/usr/lib/libIOReport.dylib
0x00007fff2d4f7000 	/usr/lib/libSMC.dylib
0x00007fff2c1a0000 	/usr/lib/libAudioToolboxUtility.dylib
0x00007fff3dadd000 	/usr/lib/libmis.dylib
0x00007fff6be9b000 	/System/Library/Frameworks/OpenGL.framework/Versions/A/Libraries/libGLU.dylib
0x00007fff6be5e000 	/System/Library/Frameworks/OpenGL.framework/Versions/A/Libraries/libGFXShared.dylib
0x00007fff6c06c000 	/System/Library/Frameworks/OpenGL.framework/Versions/A/Libraries/libGL.dylib
0x00007fff6be67000 	/System/Library/Frameworks/OpenGL.framework/Versions/A/Libraries/libGLImage.dylib
0x00007fff6be5b000 	/System/Library/Frameworks/OpenGL.framework/Versions/A/Libraries/libCVMSPluginSupport.dylib
0x00007fff6be46000 	/System/Library/Frameworks/OpenGL.framework/Versions/A/Libraries/libCoreVMClient.dylib
0x00007fff6d4b6000 	/System/Library/Frameworks/OpenCL.framework/Versions/A/OpenCL
0x00007fff2b7af000 	/System/Library/PrivateFrameworks/GraphVisualizer.framework/Versions/A/GraphVisualizer
0x00007fff2b7be000 	/System/Library/PrivateFrameworks/FaceCore.framework/Versions/A/FaceCore
0x00007fff2bbda000 	/System/Library/PrivateFrameworks/OTSVG.framework/Versions/A/OTSVG
0x00007fff2747a000 	/System/Library/Frameworks/ApplicationServices.framework/Versions/A/Frameworks/ATS.framework/Versions/A/Resources/libFontRegistry.dylib
0x00007fff2bc29000 	/System/Library/PrivateFrameworks/FontServices.framework/libhvf.dylib
0x00007fff2b5ed000 	/System/Library/PrivateFrameworks/AppleVA.framework/Versions/A/AppleVA
0x00007fff2d33f000 	/System/Library/Frameworks/ApplicationServices.framework/Versions/A/Frameworks/ATS.framework/Versions/A/ATS
0x00007fff2d652000 	/System/Library/Frameworks/ApplicationServices.framework/Versions/A/Frameworks/ColorSyncLegacy.framework/Versions/A/ColorSyncLegacy
0x00007fff25cb7000 	/System/Library/Frameworks/ApplicationServices.framework/Versions/A/Frameworks/HIServices.framework/Versions/A/HIServices
0x00007fff2d637000 	/System/Library/Frameworks/ApplicationServices.framework/Versions/A/Frameworks/LangAnalysis.framework/Versions/A/LangAnalysis
0x00007fff2c2ea000 	/System/Library/Frameworks/ApplicationServices.framework/Versions/A/Frameworks/PrintCore.framework/Versions/A/PrintCore
0x00007fff2d65a000 	/System/Library/Frameworks/ApplicationServices.framework/Versions/A/Frameworks/QD.framework/Versions/A/QD
0x00007fff2d32f000 	/System/Library/Frameworks/ApplicationServices.framework/Versions/A/Frameworks/SpeechSynthesis.framework/Versions/A/SpeechSynthesis
0x00007fff2c2ab000 	/System/Library/Frameworks/ApplicationServices.framework/Versions/A/Frameworks/ATSUI.framework/Versions/A/ATSUI
0x00007fff2d5d7000 	/usr/lib/libcups.2.dylib
0x00007fff2d647000 	/System/Library/PrivateFrameworks/NetAuth.framework/Versions/A/NetAuth
0x00007fff2dcd6000 	/System/Library/Frameworks/Kerberos.framework/Versions/A/Kerberos
0x00007fff2dce6000 	/System/Library/Frameworks/GSS.framework/Versions/A/GSS
0x00007fff2d3ac000 	/usr/lib/libresolv.9.dylib
0x00007fff2bc3f000 	/System/Library/PrivateFrameworks/Heimdal.framework/Versions/A/Heimdal
0x00007fff339b6000 	/System/Library/Frameworks/Kerberos.framework/Versions/A/Libraries/libHeimdalProxy.dylib
0x00007fff26886000 	/System/Library/Frameworks/Network.framework/Versions/A/Network
0x00007fff2b65b000 	/usr/lib/libheimdal-asn1.dylib
0x00007fff2dd37000 	/System/Library/PrivateFrameworks/CommonAuth.framework/Versions/A/CommonAuth
0x00007fff278d3000 	/System/Library/PrivateFrameworks/login.framework/Versions/A/Frameworks/loginsupport.framework/Versions/A/loginsupport
0x00007fff2d2b6000 	/System/Library/PrivateFrameworks/AudioSession.framework/Versions/A/AudioSession
0x00007fff2d31c000 	/usr/lib/libAudioStatistics.dylib
0x00007fff2b6e7000 	/System/Library/PrivateFrameworks/MediaExperience.framework/Versions/A/MediaExperience
0x00007fff2d14f000 	/System/Library/PrivateFrameworks/AudioSession.framework/libSessionUtility.dylib
0x00007fff2dcc7000 	/usr/lib/libperfcheck.dylib
0x00007fff2d666000 	/System/Library/PrivateFrameworks/AudioResourceArbitration.framework/Versions/A/AudioResourceArbitration
0x00007fff2b665000 	/System/Library/PrivateFrameworks/IconFoundation.framework/Versions/A/IconFoundation
0x00007fff3016f000 	/System/Library/PrivateFrameworks/SpeechRecognitionCore.framework/Versions/A/SpeechRecognitionCore
0x0000000112000000 	/Library/Java/JavaVirtualMachines/temurin-17.jdk/Contents/Home/lib/server/libjvm.dylib
0x000000010f85f000 	/Library/Java/JavaVirtualMachines/temurin-17.jdk/Contents/Home/lib/libjimage.dylib
0x000000010f871000 	/Library/Java/JavaVirtualMachines/temurin-17.jdk/Contents/Home/lib/libinstrument.dylib
0x000000010f885000 	/Library/Java/JavaVirtualMachines/temurin-17.jdk/Contents/Home/lib/libjava.dylib
0x000000010fd02000 	/Library/Java/JavaVirtualMachines/temurin-17.jdk/Contents/Home/lib/libzip.dylib
0x000000010fd2a000 	/Library/Java/JavaVirtualMachines/temurin-17.jdk/Contents/Home/lib/libnio.dylib
0x000000010fd46000 	/Library/Java/JavaVirtualMachines/temurin-17.jdk/Contents/Home/lib/libnet.dylib
0x000000010fd66000 	/Library/Java/JavaVirtualMachines/temurin-17.jdk/Contents/Home/lib/libverify.dylib
0x000000010fd7e000 	/Users/dibe/.gradle/native/c067742578af261105cb4f569cf0c3c89f3d7b1fecec35dd04571415982c5e48/osx-amd64/libnative-platform.dylib
0x000000012cb86000 	/Users/dibe/.gradle/native/100fb08df4bc3b14c8652ba06237920a3bd2aa13389f12d3474272988ae205f9/osx-amd64/libnative-platform-file-events.dylib
0x000000010ffab000 	/Library/Java/JavaVirtualMachines/temurin-17.jdk/Contents/Home/lib/libmanagement.dylib
0x000000010ffbb000 	/Library/Java/JavaVirtualMachines/temurin-17.jdk/Contents/Home/lib/libmanagement_ext.dylib
0x000000010ffcb000 	/Library/Java/JavaVirtualMachines/temurin-17.jdk/Contents/Home/lib/libextnet.dylib


VM Arguments:
jvm_args: --add-opens=java.base/java.util=ALL-UNNAMED --add-opens=java.base/java.lang=ALL-UNNAMED --add-opens=java.base/java.lang.invoke=ALL-UNNAMED --add-opens=java.prefs/java.util.prefs=ALL-UNNAMED --add-opens=java.base/java.nio.charset=ALL-UNNAMED --add-opens=java.base/java.net=ALL-UNNAMED --add-opens=java.base/java.util.concurrent.atomic=ALL-UNNAMED -XX:MaxMetaspaceSize=384m -XX:+HeapDumpOnOutOfMemoryError -Xms256m -Xmx512m -Dfile.encoding=UTF-8 -Duser.country=US -Duser.language=en -Duser.variant -javaagent:/Users/dibe/.gradle/wrapper/dists/gradle-8.8-bin/dl7vupf4psengwqhwktix4v1/gradle-8.8/lib/agents/gradle-instrumentation-agent-8.8.jar 
java_command: org.gradle.launcher.daemon.bootstrap.GradleDaemon 8.8
java_class_path (initial): /Users/dibe/.gradle/wrapper/dists/gradle-8.8-bin/dl7vupf4psengwqhwktix4v1/gradle-8.8/lib/gradle-launcher-8.8.jar
Launcher Type: SUN_STANDARD

[Global flags]
     intx CICompilerCount                          = 3                                         {product} {ergonomic}
   size_t CompressedClassSpaceSize                 = 335544320                                 {product} {ergonomic}
     uint ConcGCThreads                            = 1                                         {product} {ergonomic}
     uint G1ConcRefinementThreads                  = 4                                         {product} {ergonomic}
   size_t G1HeapRegionSize                         = 1048576                                   {product} {ergonomic}
    uintx GCDrainStackTargetSize                   = 64                                        {product} {ergonomic}
     bool HeapDumpOnOutOfMemoryError               = true                                   {manageable} {command line}
   size_t InitialHeapSize                          = 268435456                                 {product} {command line}
   size_t MarkStackSize                            = 4194304                                   {product} {ergonomic}
   size_t MaxHeapSize                              = 536870912                                 {product} {command line}
   size_t MaxMetaspaceSize                         = 402653184                                 {product} {command line}
   size_t MaxNewSize                               = 321912832                                 {product} {ergonomic}
   size_t MinHeapDeltaBytes                        = 1048576                                   {product} {ergonomic}
   size_t MinHeapSize                              = 268435456                                 {product} {command line}
    uintx NonNMethodCodeHeapSize                   = 5832780                                {pd product} {ergonomic}
    uintx NonProfiledCodeHeapSize                  = 122912730                              {pd product} {ergonomic}
    uintx ProfiledCodeHeapSize                     = 122912730                              {pd product} {ergonomic}
    uintx ReservedCodeCacheSize                    = 251658240                              {pd product} {ergonomic}
     bool SegmentedCodeCache                       = true                                      {product} {ergonomic}
   size_t SoftMaxHeapSize                          = 536870912                              {manageable} {ergonomic}
     bool UseCompressedClassPointers               = true                           {product lp64_product} {ergonomic}
     bool UseCompressedOops                        = true                           {product lp64_product} {ergonomic}
     bool UseG1GC                                  = true                                      {product} {ergonomic}
     bool UseNUMA                                  = false                                     {product} {ergonomic}
     bool UseNUMAInterleaving                      = false                                     {product} {ergonomic}

Logging:
Log output configuration:
 #0: stdout all=warning uptime,level,tags
 #1: stderr all=off uptime,level,tags

Environment Variables:
JAVA_HOME=/Library/Java/JavaVirtualMachines/temurin-17.jdk/Contents/Home
PATH=/usr/local/sbin:/opt/miniconda3/bin:$/Applications/Docker.app/Contents/Resources/bin:/usr/local/bin/python3.8/bin:/usr/local/mysql-8.0.31-macos12-x86_64/bin:/usr/local/Cellar/postgresql@15/15.1/bin:/usr/local/Cellar/gradle/7.5.1_1/bin:/Library/Java/JavaVirtualMachines/temurin-17.jdk/Contents/Home/bin:/Library/Frameworks/Python.framework/Versions/3.11/bin:/usr/local/bin:/usr/bin:/bin:/usr/sbin:/sbin:/Library/TeX/texbin:/usr/local/share/dotnet:~/.dotnet/tools:/Library/Apple/usr/bin:/Users/dibe/Library/Application Support/Coursier/bin:/Users/dibe/Library/Application Support/Coursier/bin:/Users/dibe/.scala/bin
SHELL=/bin/zsh
LC_CTYPE=en_US.UTF-8
TMPDIR=/var/folders/dz/rlqdtnhj7qd3wqf1j2ynkg_m0000gn/T/

Active Locale:
LC_ALL=C
LC_COLLATE=C
LC_CTYPE=C
LC_MESSAGES=C
LC_MONETARY=C
LC_NUMERIC=C
LC_TIME=C

Signal Handlers:
   SIGSEGV: _ZL13crash_handleriP9__siginfoPv in libjvm.dylib, mask=11100110000111110111111111111111, flags=SA_RESTART|SA_SIGINFO, unblocked
    SIGBUS: _ZL13crash_handleriP9__siginfoPv in libjvm.dylib, mask=11100110000111110111111111111111, flags=SA_RESTART|SA_SIGINFO, unblocked
    SIGFPE: _ZL13crash_handleriP9__siginfoPv in libjvm.dylib, mask=11100110000111110111111111111111, flags=SA_RESTART|SA_SIGINFO, unblocked
   SIGPIPE: _ZL17javaSignalHandleriP9__siginfoPv in libjvm.dylib, mask=11100110000111110111111111111111, flags=SA_RESTART|SA_SIGINFO, blocked
   SIGXFSZ: _ZL17javaSignalHandleriP9__siginfoPv in libjvm.dylib, mask=11100110000111110111111111111111, flags=SA_RESTART|SA_SIGINFO, blocked
    SIGILL: _ZL13crash_handleriP9__siginfoPv in libjvm.dylib, mask=11100110000111110111111111111111, flags=SA_RESTART|SA_SIGINFO, unblocked
   SIGUSR2: _ZL10SR_handleriP9__siginfoP17__darwin_ucontext in libjvm.dylib, mask=00100000000000000000000000000000, flags=SA_RESTART|SA_SIGINFO, blocked
    SIGHUP: _ZL11UserHandleriPvS_ in libjvm.dylib, mask=11100110000111110111111111111111, flags=SA_RESTART|SA_SIGINFO, blocked
    SIGINT: _ZL11UserHandleriPvS_ in libjvm.dylib, mask=11100110000111110111111111111111, flags=SA_RESTART|SA_SIGINFO, blocked
   SIGTERM: _ZL11UserHandleriPvS_ in libjvm.dylib, mask=11100110000111110111111111111111, flags=SA_RESTART|SA_SIGINFO, blocked
   SIGQUIT: _ZL11UserHandleriPvS_ in libjvm.dylib, mask=11100110000111110111111111111111, flags=SA_RESTART|SA_SIGINFO, blocked
   SIGTRAP: _ZL13crash_handleriP9__siginfoPv in libjvm.dylib, mask=11100110000111110111111111111111, flags=SA_RESTART|SA_SIGINFO, unblocked


Periodic native trim disabled


---------------  S Y S T E M  ---------------

OS:
uname: Darwin 20.6.0 Darwin Kernel Version 20.6.0: Thu Jul  6 22:12:47 PDT 2023; root:xnu-7195.141.49.702.12~1/RELEASE_X86_64 x86_64
OS uptime: 0 days 7:21 hours
rlimit (soft/hard): STACK 8192k/65532k , CORE 0k/infinity , NPROC 1392/2088 , NOFILE 10240/infinity , AS infinity/infinity , CPU infinity/infinity , DATA infinity/infinity , FSIZE infinity/infinity , MEMLOCK infinity/infinity , RSS infinity/infinity
load average: 5.10 8.48 7.92

CPU: total 4 (initial active 4) (2 cores per cpu, 2 threads per core) family 6 model 69 stepping 1 microcode 0x26, cx8, cmov, fxsr, ht, mmx, sse, sse2, sse3, ssse3, sse4.1, sse4.2, popcnt, lzcnt, tsc, tscinvbit, avx, avx2, aes, erms, clmul, bmi1, bmi2, fma, vzeroupper, clflush
machdep.cpu.brand_string:Intel(R) Core(TM) i5-4258U CPU @ 2.40GHz
hw.cpufrequency:2400000000
hw.cpufrequency_min:2400000000
hw.cpufrequency_max:2400000000
hw.cachelinesize:64
hw.l1icachesize:32768
hw.l1dcachesize:32768
hw.l2cachesize:262144
hw.l3cachesize:3145728

Memory: 4k page, physical 4194304k(73140k free), swap 3145728k(997376k free)

vm_info: OpenJDK 64-Bit Server VM (17.0.10+7) for bsd-amd64 JRE (17.0.10+7), built on Jan 16 2024 00:00:00 by "admin" with clang Apple LLVM 15.0.0 (clang-1500.0.40.1)

END.
